<?xml version="1.0" encoding="UTF-8"?>
<coverage generated="1784645657527" clover="3.2.0">
  <project timestamp="1784645657527" name="All files">
    <metrics statements="476" coveredstatements="416" conditionals="325" coveredconditionals="278" methods="157" coveredmethods="140" elements="958" coveredelements="834" complexity="0" loc="476" ncloc="476" packages="11" files="51" classes="51"/>
    <package name="Inventory.src">
      <metrics statements="1" coveredstatements="1" conditionals="0" coveredconditionals="0" methods="0" coveredmethods="0"/>
      <file name="mockAlerts.js" path="C:\Users\MicaJoyce Biadoy\JowenTwoThree\frontend\Inventory\src\mockAlerts.js">
        <metrics statements="1" coveredstatements="1" conditionals="0" coveredconditionals="0" methods="0" coveredmethods="0"/>
        <line num="1" count="2" type="stmt"/>
      </file>
    </package>
    <package name="Inventory.src.components">
      <metrics statements="177" coveredstatements="155" conditionals="135" coveredconditionals="116" methods="57" coveredmethods="52"/>
      <file name="AdjustmentReasonDropdown.jsx" path="C:\Users\MicaJoyce Biadoy\JowenTwoThree\frontend\Inventory\src\components\AdjustmentReasonDropdown.jsx">
        <metrics statements="4" coveredstatements="4" conditionals="2" coveredconditionals="2" methods="3" coveredmethods="3"/>
        <line num="4" count="2" type="stmt"/>
        <line num="22" count="17" type="stmt"/>
        <line num="31" count="3" type="stmt"/>
        <line num="37" count="153" type="stmt"/>
      </file>
      <file name="AlertCountIndicator.jsx" path="C:\Users\MicaJoyce Biadoy\JowenTwoThree\frontend\Inventory\src\components\AlertCountIndicator.jsx">
        <metrics statements="3" coveredstatements="3" conditionals="11" coveredconditionals="11" methods="1" coveredmethods="1"/>
        <line num="4" count="3" type="stmt"/>
        <line num="38" count="29" type="stmt"/>
        <line num="43" count="29" type="stmt"/>
      </file>
      <file name="AlertItem.jsx" path="C:\Users\MicaJoyce Biadoy\JowenTwoThree\frontend\Inventory\src\components\AlertItem.jsx">
        <metrics statements="20" coveredstatements="17" conditionals="16" coveredconditionals="10" methods="4" coveredmethods="4"/>
        <line num="4" count="5" type="stmt"/>
        <line num="117" count="82" type="stmt"/>
        <line num="118" count="82" type="stmt"/>
        <line num="119" count="82" type="stmt"/>
        <line num="121" count="82" type="cond" truecount="1" falsecount="1"/>
        <line num="122" count="82" type="cond" truecount="1" falsecount="1"/>
        <line num="123" count="0" type="cond" truecount="0" falsecount="2"/>
        <line num="124" count="0" type="stmt"/>
        <line num="127" count="82" type="stmt"/>
        <line num="129" count="82" type="stmt"/>
        <line num="130" count="82" type="cond" truecount="2" falsecount="0"/>
        <line num="131" count="58" type="stmt"/>
        <line num="133" count="24" type="cond" truecount="1" falsecount="1"/>
        <line num="134" count="24" type="stmt"/>
        <line num="136" count="0" type="stmt"/>
        <line num="139" count="82" type="stmt"/>
        <line num="140" count="82" type="cond" truecount="2" falsecount="0"/>
        <line num="141" count="58" type="stmt"/>
        <line num="143" count="24" type="stmt"/>
        <line num="146" count="82" type="stmt"/>
      </file>
      <file name="AlertList.jsx" path="C:\Users\MicaJoyce Biadoy\JowenTwoThree\frontend\Inventory\src\components\AlertList.jsx">
        <metrics statements="8" coveredstatements="8" conditionals="12" coveredconditionals="12" methods="3" coveredmethods="3"/>
        <line num="6" count="25" type="cond" truecount="4" falsecount="0"/>
        <line num="7" count="1" type="stmt"/>
        <line num="15" count="24" type="stmt"/>
        <line num="16" count="54" type="cond" truecount="4" falsecount="0"/>
        <line num="17" count="46" type="cond" truecount="4" falsecount="0"/>
        <line num="18" count="23" type="stmt"/>
        <line num="21" count="24" type="stmt"/>
        <line num="24" count="70" type="stmt"/>
      </file>
      <file name="AlertNotificationPanel.jsx" path="C:\Users\MicaJoyce Biadoy\JowenTwoThree\frontend\Inventory\src\components\AlertNotificationPanel.jsx">
        <metrics statements="4" coveredstatements="4" conditionals="4" coveredconditionals="4" methods="2" coveredmethods="2"/>
        <line num="5" count="3" type="stmt"/>
        <line num="103" count="36" type="cond" truecount="2" falsecount="0"/>
        <line num="105" count="20" type="stmt"/>
        <line num="114" count="3" type="stmt"/>
      </file>
      <file name="DashboardContainer.jsx" path="C:\Users\MicaJoyce Biadoy\JowenTwoThree\frontend\Inventory\src\components\DashboardContainer.jsx">
        <metrics statements="6" coveredstatements="6" conditionals="0" coveredconditionals="0" methods="4" coveredmethods="4"/>
        <line num="9" count="21" type="stmt"/>
        <line num="10" count="21" type="stmt"/>
        <line num="12" count="21" type="stmt"/>
        <line num="16" count="1" type="stmt"/>
        <line num="24" count="3" type="stmt"/>
        <line num="34" count="1" type="stmt"/>
      </file>
      <file name="FilterDropdown.jsx" path="C:\Users\MicaJoyce Biadoy\JowenTwoThree\frontend\Inventory\src\components\FilterDropdown.jsx">
        <metrics statements="3" coveredstatements="3" conditionals="0" coveredconditionals="0" methods="3" coveredmethods="3"/>
        <line num="5" count="9" type="stmt"/>
        <line num="8" count="2" type="stmt"/>
        <line num="23" count="32" type="stmt"/>
      </file>
      <file name="InventoryAdjustmentForm.jsx" path="C:\Users\MicaJoyce Biadoy\JowenTwoThree\frontend\Inventory\src\components\InventoryAdjustmentForm.jsx">
        <metrics statements="35" coveredstatements="24" conditionals="18" coveredconditionals="14" methods="5" coveredmethods="2"/>
        <line num="7" count="14" type="stmt"/>
        <line num="8" count="14" type="stmt"/>
        <line num="9" count="14" type="stmt"/>
        <line num="10" count="14" type="stmt"/>
        <line num="11" count="14" type="stmt"/>
        <line num="12" count="14" type="stmt"/>
        <line num="14" count="14" type="stmt"/>
        <line num="15" count="3" type="stmt"/>
        <line num="18" count="3" type="cond" truecount="2" falsecount="0"/>
        <line num="19" count="1" type="stmt"/>
        <line num="20" count="1" type="stmt"/>
        <line num="23" count="2" type="cond" truecount="2" falsecount="0"/>
        <line num="24" count="1" type="stmt"/>
        <line num="25" count="1" type="stmt"/>
        <line num="28" count="1" type="stmt"/>
        <line num="29" count="1" type="stmt"/>
        <line num="30" count="1" type="stmt"/>
        <line num="32" count="1" type="stmt"/>
        <line num="33" count="1" type="stmt"/>
        <line num="42" count="1" type="stmt"/>
        <line num="44" count="1" type="stmt"/>
        <line num="45" count="0" type="stmt"/>
        <line num="49" count="0" type="cond" truecount="0" falsecount="2"/>
        <line num="50" count="0" type="stmt"/>
        <line num="54" count="14" type="stmt"/>
        <line num="55" count="0" type="stmt"/>
        <line num="56" count="0" type="stmt"/>
        <line num="57" count="0" type="stmt"/>
        <line num="58" count="0" type="stmt"/>
        <line num="59" count="0" type="stmt"/>
        <line num="60" count="0" type="stmt"/>
        <line num="61" count="0" type="stmt"/>
        <line num="64" count="14" type="cond" truecount="1" falsecount="1"/>
        <line num="66" count="13" type="stmt"/>
        <line num="115" count="0" type="stmt"/>
      </file>
      <file name="InventoryDashboard.jsx" path="C:\Users\MicaJoyce Biadoy\JowenTwoThree\frontend\Inventory\src\components\InventoryDashboard.jsx">
        <metrics statements="1" coveredstatements="1" conditionals="0" coveredconditionals="0" methods="1" coveredmethods="1"/>
        <line num="7" count="4" type="stmt"/>
      </file>
      <file name="InventoryInteractionLinking.jsx" path="C:\Users\MicaJoyce Biadoy\JowenTwoThree\frontend\Inventory\src\components\InventoryInteractionLinking.jsx">
        <metrics statements="1" coveredstatements="1" conditionals="0" coveredconditionals="0" methods="1" coveredmethods="1"/>
        <line num="5" count="23" type="stmt"/>
      </file>
      <file name="InventoryTable.jsx" path="C:\Users\MicaJoyce Biadoy\JowenTwoThree\frontend\Inventory\src\components\InventoryTable.jsx">
        <metrics statements="54" coveredstatements="50" conditionals="33" coveredconditionals="31" methods="16" coveredmethods="15"/>
        <line num="6" count="246" type="cond" truecount="2" falsecount="0"/>
        <line num="7" count="246" type="stmt"/>
        <line num="8" count="246" type="stmt"/>
        <line num="9" count="246" type="stmt"/>
        <line num="10" count="246" type="stmt"/>
        <line num="11" count="246" type="stmt"/>
        <line num="13" count="246" type="stmt"/>
        <line num="14" count="54" type="cond" truecount="1" falsecount="1"/>
        <line num="15" count="54" type="stmt"/>
        <line num="17" count="0" type="stmt"/>
        <line num="21" count="246" type="stmt"/>
        <line num="22" count="54" type="stmt"/>
        <line num="23" count="54" type="stmt"/>
        <line num="24" count="54" type="stmt"/>
        <line num="25" count="54" type="stmt"/>
        <line num="27" count="0" type="stmt"/>
        <line num="29" count="54" type="stmt"/>
        <line num="33" count="246" type="stmt"/>
        <line num="34" count="188" type="cond" truecount="3" falsecount="1"/>
        <line num="35" count="886" type="stmt"/>
        <line num="36" count="188" type="stmt"/>
        <line num="39" count="246" type="stmt"/>
        <line num="40" count="555" type="cond" truecount="2" falsecount="0"/>
        <line num="41" count="322" type="cond" truecount="2" falsecount="0"/>
        <line num="42" count="223" type="stmt"/>
        <line num="45" count="246" type="stmt"/>
        <line num="46" count="555" type="cond" truecount="3" falsecount="0"/>
        <line num="47" count="233" type="stmt"/>
        <line num="48" count="99" type="stmt"/>
        <line num="49" count="223" type="stmt"/>
        <line num="53" count="246" type="stmt"/>
        <line num="54" count="9" type="stmt"/>
        <line num="55" count="9" type="stmt"/>
        <line num="58" count="246" type="stmt"/>
        <line num="59" count="4" type="stmt"/>
        <line num="60" count="4" type="stmt"/>
        <line num="63" count="246" type="stmt"/>
        <line num="65" count="0" type="stmt"/>
        <line num="66" count="0" type="stmt"/>
        <line num="69" count="246" type="stmt"/>
        <line num="70" count="886" type="cond" truecount="2" falsecount="0"/>
        <line num="72" count="886" type="cond" truecount="3" falsecount="0"/>
        <line num="75" count="886" type="cond" truecount="2" falsecount="0"/>
        <line num="78" count="246" type="cond" truecount="2" falsecount="0"/>
        <line num="79" count="54" type="stmt"/>
        <line num="82" count="188" type="stmt"/>
        <line num="89" count="80" type="stmt"/>
        <line num="97" count="5" type="stmt"/>
        <line num="98" count="5" type="stmt"/>
        <line num="105" count="904" type="stmt"/>
        <line num="133" count="555" type="stmt"/>
        <line num="134" count="555" type="cond" truecount="2" falsecount="0"/>
        <line num="137" count="555" type="stmt"/>
        <line num="164" count="9" type="stmt"/>
      </file>
      <file name="LowStockWarningBanner.jsx" path="C:\Users\MicaJoyce Biadoy\JowenTwoThree\frontend\Inventory\src\components\LowStockWarningBanner.jsx">
        <metrics statements="2" coveredstatements="2" conditionals="4" coveredconditionals="4" methods="1" coveredmethods="1"/>
        <line num="4" count="25" type="cond" truecount="2" falsecount="0"/>
        <line num="6" count="24" type="stmt"/>
      </file>
      <file name="Modal.jsx" path="C:\Users\MicaJoyce Biadoy\JowenTwoThree\frontend\Inventory\src\components\Modal.jsx">
        <metrics statements="5" coveredstatements="3" conditionals="6" coveredconditionals="4" methods="2" coveredmethods="1"/>
        <line num="4" count="21" type="cond" truecount="2" falsecount="0"/>
        <line num="6" count="20" type="stmt"/>
        <line num="7" count="0" type="cond" truecount="0" falsecount="2"/>
        <line num="8" count="0" type="stmt"/>
        <line num="12" count="20" type="stmt"/>
      </file>
      <file name="QuantityInput.jsx" path="C:\Users\MicaJoyce Biadoy\JowenTwoThree\frontend\Inventory\src\components\QuantityInput.jsx">
        <metrics statements="11" coveredstatements="11" conditionals="17" coveredconditionals="14" methods="4" coveredmethods="4"/>
        <line num="12" count="24" type="stmt"/>
        <line num="13" count="3" type="cond" truecount="1" falsecount="1"/>
        <line num="14" count="3" type="stmt"/>
        <line num="18" count="24" type="stmt"/>
        <line num="19" count="2" type="cond" truecount="1" falsecount="1"/>
        <line num="20" count="2" type="stmt"/>
        <line num="24" count="24" type="stmt"/>
        <line num="25" count="2" type="stmt"/>
        <line num="26" count="2" type="cond" truecount="4" falsecount="1"/>
        <line num="27" count="2" type="stmt"/>
        <line num="31" count="24" type="stmt"/>
      </file>
      <file name="SearchInput.jsx" path="C:\Users\MicaJoyce Biadoy\JowenTwoThree\frontend\Inventory\src\components\SearchInput.jsx">
        <metrics statements="2" coveredstatements="2" conditionals="1" coveredconditionals="1" methods="2" coveredmethods="2"/>
        <line num="5" count="8" type="stmt"/>
        <line num="9" count="4" type="stmt"/>
      </file>
      <file name="Sidebar.jsx" path="C:\Users\MicaJoyce Biadoy\JowenTwoThree\frontend\Inventory\src\components\Sidebar.jsx">
        <metrics statements="3" coveredstatements="3" conditionals="3" coveredconditionals="3" methods="2" coveredmethods="2"/>
        <line num="3" count="2" type="stmt"/>
        <line num="11" count="10" type="stmt"/>
        <line num="19" count="40" type="stmt"/>
      </file>
      <file name="StockStatusBadge.jsx" path="C:\Users\MicaJoyce Biadoy\JowenTwoThree\frontend\Inventory\src\components\StockStatusBadge.jsx">
        <metrics statements="15" coveredstatements="13" conditionals="8" coveredconditionals="6" methods="3" coveredmethods="3"/>
        <line num="4" count="1" type="stmt"/>
        <line num="5" count="9" type="cond" truecount="3" falsecount="1"/>
        <line num="7" count="5" type="stmt"/>
        <line num="9" count="2" type="stmt"/>
        <line num="11" count="2" type="stmt"/>
        <line num="13" count="0" type="stmt"/>
        <line num="17" count="1" type="stmt"/>
        <line num="18" count="9" type="cond" truecount="3" falsecount="1"/>
        <line num="20" count="5" type="stmt"/>
        <line num="22" count="2" type="stmt"/>
        <line num="24" count="2" type="stmt"/>
        <line num="26" count="0" type="stmt"/>
        <line num="31" count="9" type="stmt"/>
        <line num="32" count="9" type="stmt"/>
        <line num="34" count="9" type="stmt"/>
      </file>
    </package>
    <package name="POS.src">
      <metrics statements="9" coveredstatements="9" conditionals="2" coveredconditionals="2" methods="3" coveredmethods="3"/>
      <file name="App.css" path="C:\Users\MicaJoyce Biadoy\JowenTwoThree\frontend\POS\src\App.css">
        <metrics statements="0" coveredstatements="0" conditionals="0" coveredconditionals="0" methods="0" coveredmethods="0"/>
      </file>
      <file name="App.jsx" path="C:\Users\MicaJoyce Biadoy\JowenTwoThree\frontend\POS\src\App.jsx">
        <metrics statements="9" coveredstatements="9" conditionals="2" coveredconditionals="2" methods="3" coveredmethods="3"/>
        <line num="7" count="10" type="stmt"/>
        <line num="8" count="10" type="stmt"/>
        <line num="10" count="10" type="stmt"/>
        <line num="11" count="4" type="stmt"/>
        <line num="15" count="4" type="stmt"/>
        <line num="18" count="10" type="stmt"/>
        <line num="19" count="1" type="stmt"/>
        <line num="20" count="1" type="stmt"/>
        <line num="23" count="10" type="stmt"/>
      </file>
    </package>
    <package name="POS.src.components">
      <metrics statements="115" coveredstatements="111" conditionals="92" coveredconditionals="84" methods="47" coveredmethods="43"/>
      <file name="CategoryFilter.jsx" path="C:\Users\MicaJoyce Biadoy\JowenTwoThree\frontend\POS\src\components\CategoryFilter.jsx">
        <metrics statements="3" coveredstatements="3" conditionals="2" coveredconditionals="2" methods="3" coveredmethods="3"/>
        <line num="2" count="27" type="stmt"/>
        <line num="5" count="81" type="stmt"/>
        <line num="8" count="3" type="stmt"/>
      </file>
      <file name="CustomerRecordingButton.jsx" path="C:\Users\MicaJoyce Biadoy\JowenTwoThree\frontend\POS\src\components\CustomerRecordingButton.jsx">
        <metrics statements="26" coveredstatements="26" conditionals="18" coveredconditionals="14" methods="10" coveredmethods="9"/>
        <line num="5" count="42" type="stmt"/>
        <line num="6" count="42" type="stmt"/>
        <line num="8" count="42" type="stmt"/>
        <line num="9" count="28" type="cond" truecount="2" falsecount="0"/>
        <line num="10" count="22" type="stmt"/>
        <line num="14" count="42" type="stmt"/>
        <line num="15" count="6" type="stmt"/>
        <line num="16" count="6" type="stmt"/>
        <line num="19" count="42" type="stmt"/>
        <line num="20" count="4" type="stmt"/>
        <line num="23" count="42" type="stmt"/>
        <line num="24" count="3" type="stmt"/>
        <line num="25" count="3" type="cond" truecount="3" falsecount="1"/>
        <line num="26" count="3" type="stmt"/>
        <line num="27" count="3" type="stmt"/>
        <line num="31" count="42" type="stmt"/>
        <line num="32" count="1" type="cond" truecount="1" falsecount="1"/>
        <line num="33" count="1" type="stmt"/>
        <line num="36" count="42" type="stmt"/>
        <line num="37" count="1" type="cond" truecount="1" falsecount="1"/>
        <line num="38" count="1" type="stmt"/>
        <line num="41" count="42" type="stmt"/>
        <line num="42" count="42" type="cond" truecount="2" falsecount="0"/>
        <line num="44" count="42" type="stmt"/>
        <line num="63" count="7" type="stmt"/>
        <line num="84" count="2" type="stmt"/>
      </file>
      <file name="OrderDetails.jsx" path="C:\Users\MicaJoyce Biadoy\JowenTwoThree\frontend\POS\src\components\OrderDetails.jsx">
        <metrics statements="51" coveredstatements="48" conditionals="52" coveredconditionals="50" methods="17" coveredmethods="15"/>
        <line num="19" count="110" type="stmt"/>
        <line num="20" count="110" type="stmt"/>
        <line num="21" count="110" type="stmt"/>
        <line num="22" count="110" type="stmt"/>
        <line num="24" count="110" type="stmt"/>
        <line num="25" count="110" type="stmt"/>
        <line num="26" count="110" type="stmt"/>
        <line num="28" count="110" type="cond" truecount="2" falsecount="0"/>
        <line num="30" count="110" type="stmt"/>
        <line num="36" count="110" type="stmt"/>
        <line num="38" count="110" type="stmt"/>
        <line num="39" count="110" type="cond" truecount="2" falsecount="0"/>
        <line num="40" count="50" type="cond" truecount="1" falsecount="1"/>
        <line num="41" count="0" type="stmt"/>
        <line num="43" count="50" type="cond" truecount="4" falsecount="0"/>
        <line num="44" count="16" type="stmt"/>
        <line num="46" count="34" type="cond" truecount="4" falsecount="0"/>
        <line num="47" count="5" type="stmt"/>
        <line num="49" count="29" type="cond" truecount="4" falsecount="0"/>
        <line num="50" count="5" type="stmt"/>
        <line num="52" count="24" type="stmt"/>
        <line num="55" count="110" type="cond" truecount="2" falsecount="0"/>
        <line num="59" count="110" type="stmt"/>
        <line num="60" count="102" type="cond" truecount="4" falsecount="0"/>
        <line num="61" count="2" type="stmt"/>
        <line num="63" count="102" type="stmt"/>
        <line num="66" count="110" type="cond" truecount="3" falsecount="0"/>
        <line num="68" count="110" type="stmt"/>
        <line num="69" count="5" type="stmt"/>
        <line num="70" count="5" type="stmt"/>
        <line num="73" count="110" type="stmt"/>
        <line num="74" count="6" type="stmt"/>
        <line num="75" count="6" type="cond" truecount="2" falsecount="0"/>
        <line num="76" count="3" type="stmt"/>
        <line num="77" count="3" type="stmt"/>
        <line num="78" count="3" type="stmt"/>
        <line num="81" count="110" type="stmt"/>
        <line num="82" count="2" type="stmt"/>
        <line num="83" count="2" type="stmt"/>
        <line num="84" count="2" type="stmt"/>
        <line num="87" count="110" type="stmt"/>
        <line num="105" count="1" type="stmt"/>
        <line num="115" count="102" type="stmt"/>
        <line num="127" count="1" type="stmt"/>
        <line num="135" count="1" type="stmt"/>
        <line num="148" count="1" type="stmt"/>
        <line num="170" count="21" type="stmt"/>
        <line num="186" count="16" type="stmt"/>
        <line num="200" count="32" type="cond" truecount="1" falsecount="1"/>
        <line num="248" count="0" type="stmt"/>
        <line num="266" count="0" type="stmt"/>
      </file>
      <file name="OrderSummary.jsx" path="C:\Users\MicaJoyce Biadoy\JowenTwoThree\frontend\POS\src\components\OrderSummary.jsx">
        <metrics statements="1" coveredstatements="1" conditionals="0" coveredconditionals="0" methods="1" coveredmethods="1"/>
        <line num="14" count="14" type="stmt"/>
      </file>
      <file name="ProductCard.jsx" path="C:\Users\MicaJoyce Biadoy\JowenTwoThree\frontend\POS\src\components\ProductCard.jsx">
        <metrics statements="2" coveredstatements="2" conditionals="0" coveredconditionals="0" methods="2" coveredmethods="2"/>
        <line num="2" count="94" type="stmt"/>
        <line num="11" count="4" type="stmt"/>
      </file>
      <file name="ProductPage.jsx" path="C:\Users\MicaJoyce Biadoy\JowenTwoThree\frontend\POS\src\components\ProductPage.jsx">
        <metrics statements="22" coveredstatements="22" conditionals="6" coveredconditionals="5" methods="8" coveredmethods="8"/>
        <line num="7" count="3" type="stmt"/>
        <line num="35" count="24" type="stmt"/>
        <line num="36" count="24" type="stmt"/>
        <line num="38" count="24" type="stmt"/>
        <line num="40" count="18" type="stmt"/>
        <line num="41" count="18" type="stmt"/>
        <line num="43" count="7" type="cond" truecount="3" falsecount="1"/>
        <line num="44" count="7" type="stmt"/>
        <line num="47" count="11" type="stmt"/>
        <line num="48" count="11" type="stmt"/>
        <line num="52" count="18" type="stmt"/>
        <line num="55" count="24" type="stmt"/>
        <line num="56" count="22" type="stmt"/>
        <line num="58" count="84" type="stmt"/>
        <line num="62" count="22" type="stmt"/>
        <line num="68" count="24" type="stmt"/>
        <line num="69" count="23" type="cond" truecount="2" falsecount="0"/>
        <line num="70" count="22" type="stmt"/>
        <line num="73" count="1" type="stmt"/>
        <line num="74" count="4" type="stmt"/>
        <line num="78" count="24" type="stmt"/>
        <line num="90" count="88" type="stmt"/>
      </file>
      <file name="ReceiptModal.jsx" path="C:\Users\MicaJoyce Biadoy\JowenTwoThree\frontend\POS\src\components\ReceiptModal.jsx">
        <metrics statements="6" coveredstatements="5" conditionals="8" coveredconditionals="7" methods="3" coveredmethods="2"/>
        <line num="15" count="118" type="cond" truecount="2" falsecount="0"/>
        <line num="17" count="8" type="stmt"/>
        <line num="18" count="0" type="stmt"/>
        <line num="21" count="8" type="stmt"/>
        <line num="29" count="8" type="stmt"/>
        <line num="61" count="14" type="stmt"/>
      </file>
      <file name="Sidebar.jsx" path="C:\Users\MicaJoyce Biadoy\JowenTwoThree\frontend\POS\src\components\Sidebar.jsx">
        <metrics statements="4" coveredstatements="4" conditionals="6" coveredconditionals="6" methods="3" coveredmethods="3"/>
        <line num="3" count="3" type="stmt"/>
        <line num="16" count="19" type="stmt"/>
        <line num="27" count="76" type="stmt"/>
        <line num="33" count="4" type="cond" truecount="2" falsecount="0"/>
      </file>
    </package>
    <package name="POS.src.data">
      <metrics statements="10" coveredstatements="8" conditionals="7" coveredconditionals="5" methods="3" coveredmethods="2"/>
      <file name="mockUsers.js" path="C:\Users\MicaJoyce Biadoy\JowenTwoThree\frontend\POS\src\data\mockUsers.js">
        <metrics statements="10" coveredstatements="8" conditionals="7" coveredconditionals="5" methods="3" coveredmethods="2"/>
        <line num="2" count="2" type="stmt"/>
        <line num="29" count="2" type="stmt"/>
        <line num="30" count="12" type="stmt"/>
        <line num="31" count="22" type="cond" truecount="3" falsecount="0"/>
        <line num="34" count="12" type="cond" truecount="2" falsecount="0"/>
        <line num="35" count="4" type="stmt"/>
        <line num="38" count="8" type="stmt"/>
        <line num="50" count="2" type="stmt"/>
        <line num="51" count="0" type="stmt"/>
        <line num="55" count="0" type="cond" truecount="0" falsecount="2"/>
      </file>
    </package>
    <package name="POS.src.pages">
      <metrics statements="61" coveredstatements="38" conditionals="28" coveredconditionals="19" methods="11" coveredmethods="7"/>
      <file name="LoginPage.jsx" path="C:\Users\MicaJoyce Biadoy\JowenTwoThree\frontend\POS\src\pages\LoginPage.jsx">
        <metrics statements="35" coveredstatements="32" conditionals="14" coveredconditionals="13" methods="6" coveredmethods="6"/>
        <line num="6" count="460" type="stmt"/>
        <line num="7" count="460" type="stmt"/>
        <line num="8" count="460" type="stmt"/>
        <line num="9" count="460" type="stmt"/>
        <line num="10" count="460" type="stmt"/>
        <line num="12" count="460" type="stmt"/>
        <line num="13" count="16" type="stmt"/>
        <line num="14" count="16" type="stmt"/>
        <line num="15" count="16" type="stmt"/>
        <line num="18" count="16" type="cond" truecount="2" falsecount="0"/>
        <line num="19" count="2" type="stmt"/>
        <line num="20" count="2" type="stmt"/>
        <line num="21" count="2" type="stmt"/>
        <line num="24" count="14" type="cond" truecount="2" falsecount="0"/>
        <line num="25" count="1" type="stmt"/>
        <line num="26" count="1" type="stmt"/>
        <line num="27" count="1" type="stmt"/>
        <line num="30" count="13" type="cond" truecount="2" falsecount="0"/>
        <line num="31" count="1" type="stmt"/>
        <line num="32" count="1" type="stmt"/>
        <line num="33" count="1" type="stmt"/>
        <line num="36" count="12" type="cond" truecount="1" falsecount="1"/>
        <line num="37" count="0" type="stmt"/>
        <line num="38" count="0" type="stmt"/>
        <line num="39" count="0" type="stmt"/>
        <line num="43" count="12" type="stmt"/>
        <line num="45" count="12" type="stmt"/>
        <line num="47" count="12" type="cond" truecount="2" falsecount="0"/>
        <line num="48" count="8" type="stmt"/>
        <line num="50" count="4" type="stmt"/>
        <line num="53" count="12" type="stmt"/>
        <line num="57" count="460" type="stmt"/>
        <line num="70" count="89" type="stmt"/>
        <line num="83" count="214" type="stmt"/>
        <line num="96" count="114" type="stmt"/>
      </file>
      <file name="MainPOS.jsx" path="C:\Users\MicaJoyce Biadoy\JowenTwoThree\frontend\POS\src\pages\MainPOS.jsx">
        <metrics statements="26" coveredstatements="6" conditionals="14" coveredconditionals="6" methods="5" coveredmethods="1"/>
        <line num="17" count="13" type="stmt"/>
        <line num="18" count="13" type="stmt"/>
        <line num="19" count="13" type="stmt"/>
        <line num="21" count="13" type="stmt"/>
        <line num="22" count="0" type="stmt"/>
        <line num="23" count="0" type="stmt"/>
        <line num="26" count="0" type="cond" truecount="0" falsecount="2"/>
        <line num="27" count="0" type="stmt"/>
        <line num="29" count="0" type="cond" truecount="0" falsecount="2"/>
        <line num="38" count="0" type="stmt"/>
        <line num="48" count="13" type="stmt"/>
        <line num="49" count="0" type="cond" truecount="0" falsecount="2"/>
        <line num="50" count="0" type="stmt"/>
        <line num="51" count="0" type="stmt"/>
        <line num="54" count="0" type="stmt"/>
        <line num="55" count="0" type="stmt"/>
        <line num="59" count="0" type="stmt"/>
        <line num="64" count="0" type="stmt"/>
        <line num="76" count="0" type="stmt"/>
        <line num="81" count="0" type="stmt"/>
        <line num="82" count="0" type="stmt"/>
        <line num="83" count="0" type="stmt"/>
        <line num="84" count="0" type="stmt"/>
        <line num="86" count="0" type="stmt"/>
        <line num="90" count="0" type="stmt"/>
        <line num="94" count="13" type="stmt"/>
      </file>
    </package>
    <package name="POS.src.services">
      <metrics statements="22" coveredstatements="18" conditionals="16" coveredconditionals="12" methods="6" coveredmethods="5"/>
      <file name="calculationService.js" path="C:\Users\MicaJoyce Biadoy\JowenTwoThree\frontend\POS\src\services\calculationService.js">
        <metrics statements="8" coveredstatements="7" conditionals="5" coveredconditionals="4" methods="4" coveredmethods="3"/>
        <line num="2" count="110" type="stmt"/>
        <line num="3" count="102" type="stmt"/>
        <line num="8" count="110" type="cond" truecount="2" falsecount="0"/>
        <line num="9" count="28" type="stmt"/>
        <line num="12" count="82" type="cond" truecount="2" falsecount="0"/>
        <line num="14" count="22" type="stmt"/>
        <line num="17" count="60" type="stmt"/>
        <line num="21" count="0" type="stmt"/>
      </file>
      <file name="productAPI.js" path="C:\Users\MicaJoyce Biadoy\JowenTwoThree\frontend\POS\src\services\productAPI.js">
        <metrics statements="8" coveredstatements="5" conditionals="7" coveredconditionals="4" methods="1" coveredmethods="1"/>
        <line num="1" count="2" type="cond" truecount="2" falsecount="0"/>
        <line num="3" count="2" type="stmt"/>
        <line num="5" count="11" type="stmt"/>
        <line num="6" count="11" type="cond" truecount="1" falsecount="1"/>
        <line num="8" count="11" type="stmt"/>
        <line num="9" count="0" type="cond" truecount="0" falsecount="2"/>
        <line num="10" count="0" type="stmt"/>
        <line num="12" count="0" type="stmt"/>
      </file>
      <file name="transactionAPI.js" path="C:\Users\MicaJoyce Biadoy\JowenTwoThree\frontend\POS\src\services\transactionAPI.js">
        <metrics statements="6" coveredstatements="6" conditionals="4" coveredconditionals="4" methods="1" coveredmethods="1"/>
        <line num="1" count="3" type="stmt"/>
        <line num="4" count="3" type="stmt"/>
        <line num="12" count="3" type="cond" truecount="2" falsecount="0"/>
        <line num="13" count="2" type="stmt"/>
        <line num="14" count="2" type="cond" truecount="2" falsecount="0"/>
        <line num="17" count="1" type="stmt"/>
      </file>
    </package>
    <package name="POS.src.styles">
      <metrics statements="0" coveredstatements="0" conditionals="0" coveredconditionals="0" methods="0" coveredmethods="0"/>
      <file name="CustomerRecordingButton.css" path="C:\Users\MicaJoyce Biadoy\JowenTwoThree\frontend\POS\src\styles\CustomerRecordingButton.css">
        <metrics statements="0" coveredstatements="0" conditionals="0" coveredconditionals="0" methods="0" coveredmethods="0"/>
      </file>
      <file name="LoginPage.css" path="C:\Users\MicaJoyce Biadoy\JowenTwoThree\frontend\POS\src\styles\LoginPage.css">
        <metrics statements="0" coveredstatements="0" conditionals="0" coveredconditionals="0" methods="0" coveredmethods="0"/>
      </file>
      <file name="OrderSummary.css" path="C:\Users\MicaJoyce Biadoy\JowenTwoThree\frontend\POS\src\styles\OrderSummary.css">
        <metrics statements="0" coveredstatements="0" conditionals="0" coveredconditionals="0" methods="0" coveredmethods="0"/>
      </file>
      <file name="ProductPage.css" path="C:\Users\MicaJoyce Biadoy\JowenTwoThree\frontend\POS\src\styles\ProductPage.css">
        <metrics statements="0" coveredstatements="0" conditionals="0" coveredconditionals="0" methods="0" coveredmethods="0"/>
      </file>
      <file name="ReceiptModal.css" path="C:\Users\MicaJoyce Biadoy\JowenTwoThree\frontend\POS\src\styles\ReceiptModal.css">
        <metrics statements="0" coveredstatements="0" conditionals="0" coveredconditionals="0" methods="0" coveredmethods="0"/>
      </file>
      <file name="Sidebar.css" path="C:\Users\MicaJoyce Biadoy\JowenTwoThree\frontend\POS\src\styles\Sidebar.css">
        <metrics statements="0" coveredstatements="0" conditionals="0" coveredconditionals="0" methods="0" coveredmethods="0"/>
      </file>
    </package>
    <package name="analytics-dashboard.src.components">
      <metrics statements="73" coveredstatements="70" conditionals="45" coveredconditionals="40" methods="27" coveredmethods="27"/>
      <file name="ConsolidatedDataTable.jsx" path="C:\Users\MicaJoyce Biadoy\JowenTwoThree\frontend\analytics-dashboard\src\components\ConsolidatedDataTable.jsx">
        <metrics statements="45" coveredstatements="42" conditionals="32" coveredconditionals="27" methods="12" coveredmethods="12"/>
        <line num="3" count="2" type="cond" truecount="2" falsecount="0"/>
        <line num="6" count="39" type="stmt"/>
        <line num="7" count="39" type="stmt"/>
        <line num="8" count="39" type="stmt"/>
        <line num="9" count="39" type="stmt"/>
        <line num="10" count="39" type="stmt"/>
        <line num="12" count="39" type="stmt"/>
        <line num="13" count="22" type="stmt"/>
        <line num="15" count="21" type="cond" truecount="2" falsecount="0"/>
        <line num="16" count="20" type="stmt"/>
        <line num="19" count="20" type="stmt"/>
        <line num="20" count="20" type="stmt"/>
        <line num="23" count="2" type="stmt"/>
        <line num="24" count="2" type="stmt"/>
        <line num="28" count="39" type="stmt"/>
        <line num="29" count="3" type="cond" truecount="2" falsecount="0"/>
        <line num="30" count="1" type="cond" truecount="1" falsecount="1"/>
        <line num="32" count="2" type="stmt"/>
        <line num="33" count="2" type="stmt"/>
        <line num="37" count="39" type="cond" truecount="2" falsecount="0"/>
        <line num="39" count="28" type="stmt"/>
        <line num="40" count="28" type="stmt"/>
        <line num="42" count="28" type="cond" truecount="4" falsecount="0"/>
        <line num="43" count="4" type="cond" truecount="2" falsecount="0"/>
        <line num="46" count="24" type="stmt"/>
        <line num="47" count="24" type="stmt"/>
        <line num="48" count="24" type="cond" truecount="1" falsecount="1"/>
        <line num="54" count="39" type="stmt"/>
        <line num="55" count="1" type="stmt"/>
        <line num="58" count="39" type="cond" truecount="2" falsecount="0"/>
        <line num="59" count="22" type="stmt"/>
        <line num="62" count="17" type="cond" truecount="2" falsecount="0"/>
        <line num="63" count="2" type="stmt"/>
        <line num="66" count="15" type="stmt"/>
        <line num="77" count="15" type="stmt"/>
        <line num="78" count="42" type="cond" truecount="3" falsecount="3"/>
        <line num="81" count="14" type="stmt"/>
        <line num="83" count="28" type="stmt"/>
        <line num="85" count="0" type="stmt"/>
        <line num="87" count="0" type="stmt"/>
        <line num="89" count="0" type="stmt"/>
        <line num="93" count="15" type="stmt"/>
        <line num="118" count="120" type="stmt"/>
        <line num="120" count="3" type="stmt"/>
        <line num="132" count="42" type="stmt"/>
      </file>
      <file name="CustomerTrafficHeatmap.jsx" path="C:\Users\MicaJoyce Biadoy\JowenTwoThree\frontend\analytics-dashboard\src\components\CustomerTrafficHeatmap.jsx">
        <metrics statements="9" coveredstatements="9" conditionals="10" coveredconditionals="10" methods="3" coveredmethods="3"/>
        <line num="1" count="2" type="stmt"/>
        <line num="9" count="240" type="cond" truecount="2" falsecount="0"/>
        <line num="10" count="210" type="cond" truecount="2" falsecount="0"/>
        <line num="11" count="140" type="cond" truecount="2" falsecount="0"/>
        <line num="12" count="110" type="cond" truecount="2" falsecount="0"/>
        <line num="13" count="80" type="cond" truecount="2" falsecount="0"/>
        <line num="15" count="20" type="stmt"/>
        <line num="19" count="10" type="stmt"/>
        <line num="29" count="240" type="stmt"/>
      </file>
      <file name="DateRangeFilter.jsx" path="C:\Users\MicaJoyce Biadoy\JowenTwoThree\frontend\analytics-dashboard\src\components\DateRangeFilter.jsx">
        <metrics statements="3" coveredstatements="3" conditionals="0" coveredconditionals="0" methods="3" coveredmethods="3"/>
        <line num="7" count="10" type="stmt"/>
        <line num="12" count="1" type="stmt"/>
        <line num="20" count="1" type="stmt"/>
      </file>
      <file name="LoadingSkeleton.jsx" path="C:\Users\MicaJoyce Biadoy\JowenTwoThree\frontend\analytics-dashboard\src\components\LoadingSkeleton.jsx">
        <metrics statements="1" coveredstatements="1" conditionals="0" coveredconditionals="0" methods="1" coveredmethods="1"/>
        <line num="2" count="9" type="stmt"/>
      </file>
      <file name="SalesTrendChart.jsx" path="C:\Users\MicaJoyce Biadoy\JowenTwoThree\frontend\analytics-dashboard\src\components\SalesTrendChart.jsx">
        <metrics statements="4" coveredstatements="4" conditionals="0" coveredconditionals="0" methods="1" coveredmethods="1"/>
        <line num="13" count="2" type="stmt"/>
        <line num="22" count="2" type="stmt"/>
        <line num="36" count="2" type="stmt"/>
        <line num="42" count="10" type="stmt"/>
      </file>
      <file name="StockMovementChart.jsx" path="C:\Users\MicaJoyce Biadoy\JowenTwoThree\frontend\analytics-dashboard\src\components\StockMovementChart.jsx">
        <metrics statements="6" coveredstatements="6" conditionals="0" coveredconditionals="0" methods="3" coveredmethods="3"/>
        <line num="12" count="2" type="stmt"/>
        <line num="21" count="11" type="stmt"/>
        <line num="22" count="66" type="stmt"/>
        <line num="26" count="66" type="stmt"/>
        <line num="32" count="11" type="stmt"/>
        <line num="44" count="11" type="stmt"/>
      </file>
      <file name="SummaryCard.jsx" path="C:\Users\MicaJoyce Biadoy\JowenTwoThree\frontend\analytics-dashboard\src\components\SummaryCard.jsx">
        <metrics statements="2" coveredstatements="2" conditionals="3" coveredconditionals="3" methods="1" coveredmethods="1"/>
        <line num="2" count="27" type="cond" truecount="2" falsecount="0"/>
        <line num="9" count="27" type="stmt"/>
      </file>
      <file name="TabMenu.jsx" path="C:\Users\MicaJoyce Biadoy\JowenTwoThree\frontend\analytics-dashboard\src\components\TabMenu.jsx">
        <metrics statements="3" coveredstatements="3" conditionals="0" coveredconditionals="0" methods="3" coveredmethods="3"/>
        <line num="4" count="4" type="stmt"/>
        <line num="6" count="4" type="stmt"/>
        <line num="9" count="12" type="stmt"/>
      </file>
    </package>
    <package name="analytics-dashboard.src.data">
      <metrics statements="1" coveredstatements="1" conditionals="0" coveredconditionals="0" methods="0" coveredmethods="0"/>
      <file name="inventoryData.js" path="C:\Users\MicaJoyce Biadoy\JowenTwoThree\frontend\analytics-dashboard\src\data\inventoryData.js">
        <metrics statements="1" coveredstatements="1" conditionals="0" coveredconditionals="0" methods="0" coveredmethods="0"/>
        <line num="1" count="2" type="stmt"/>
      </file>
    </package>
    <package name="analytics-dashboard.src.pages">
      <metrics statements="7" coveredstatements="5" conditionals="0" coveredconditionals="0" methods="3" coveredmethods="1"/>
      <file name="AnalyticsContext.jsx" path="C:\Users\MicaJoyce Biadoy\JowenTwoThree\frontend\analytics-dashboard\src\pages\AnalyticsContext.jsx">
        <metrics statements="3" coveredstatements="1" conditionals="0" coveredconditionals="0" methods="2" coveredmethods="0"/>
        <line num="3" count="1" type="stmt"/>
        <line num="9" count="0" type="stmt"/>
        <line num="11" count="0" type="stmt"/>
      </file>
      <file name="DashboardContent.jsx" path="C:\Users\MicaJoyce Biadoy\JowenTwoThree\frontend\analytics-dashboard\src\pages\DashboardContent.jsx">
        <metrics statements="4" coveredstatements="4" conditionals="0" coveredconditionals="0" methods="1" coveredmethods="1"/>
        <line num="15" count="8" type="stmt"/>
        <line num="16" count="8" type="stmt"/>
        <line num="17" count="8" type="stmt"/>
        <line num="19" count="8" type="stmt"/>
      </file>
    </package>
  </project>
</coverage>
