{"C:\\Users\\MicaJoyce Biadoy\\JowenTwoThree\\frontend\\Inventory\\src\\mockAlerts.js": {"path":"C:\\Users\\MicaJoyce Biadoy\\JowenTwoThree\\frontend\\Inventory\\src\\mockAlerts.js","statementMap":{"0":{"start":{"line":1,"column":19},"end":{"line":35,"column":1}}},"fnMap":{},"branchMap":{},"s":{"0":2},"f":{},"b":{},"meta":{"lastBranch":0,"lastFunction":0,"lastStatement":1,"seen":{"s:1:19:35:1":0},"fnNames":{}}}
,"C:\\Users\\MicaJoyce Biadoy\\JowenTwoThree\\frontend\\Inventory\\src\\components\\AdjustmentReasonDropdown.jsx": {"path":"C:\\Users\\MicaJoyce Biadoy\\JowenTwoThree\\frontend\\Inventory\\src\\components\\AdjustmentReasonDropdown.jsx","statementMap":{"0":{"start":{"line":4,"column":34},"end":{"line":14,"column":null}},"1":{"start":{"line":22,"column":2},"end":{"line":42,"column":null}},"2":{"start":{"line":31,"column":25},"end":{"line":31,"column":null}},"3":{"start":{"line":37,"column":10},"end":{"line":39,"column":null}}},"fnMap":{"0":{"name":"AdjustmentReasonDropdown","decl":{"start":{"line":16,"column":24},"end":{"line":16,"column":49}},"loc":{"start":{"line":21,"column":3},"end":{"line":44,"column":null}},"line":21},"1":{"name":"(anonymous_1)","decl":{"start":{"line":31,"column":8},"end":{"line":31,"column":19}},"loc":{"start":{"line":31,"column":25},"end":{"line":31,"column":null}},"line":31},"2":{"name":"(anonymous_2)","decl":{"start":{"line":36,"column":28},"end":{"line":36,"column":33}},"loc":{"start":{"line":37,"column":10},"end":{"line":39,"column":null}},"line":37}},"branchMap":{"0":{"loc":{"start":{"line":19,"column":2},"end":{"line":19,"column":null}},"type":"default-arg","locations":[{"start":{"line":19,"column":10},"end":{"line":19,"column":null}}],"line":19},"1":{"loc":{"start":{"line":20,"column":2},"end":{"line":20,"column":null}},"type":"default-arg","locations":[{"start":{"line":20,"column":13},"end":{"line":20,"column":null}}],"line":20}},"s":{"0":2,"1":17,"2":3,"3":153},"f":{"0":17,"1":3,"2":153},"b":{"0":[17],"1":[17]},"meta":{"lastBranch":2,"lastFunction":3,"lastStatement":4,"seen":{"s:4:34:14:Infinity":0,"f:16:24:16:49":0,"b:19:10:19:Infinity":0,"b:20:13:20:Infinity":1,"s:22:2:42:Infinity":1,"f:31:8:31:19":1,"s:31:25:31:Infinity":2,"f:36:28:36:33":2,"s:37:10:39:Infinity":3},"fnNames":{}}}
,"C:\\Users\\MicaJoyce Biadoy\\JowenTwoThree\\frontend\\Inventory\\src\\components\\AlertCountIndicator.jsx": {"path":"C:\\Users\\MicaJoyce Biadoy\\JowenTwoThree\\frontend\\Inventory\\src\\components\\AlertCountIndicator.jsx","statementMap":{"0":{"start":{"line":4,"column":15},"end":{"line":35,"column":null}},"1":{"start":{"line":38,"column":22},"end":{"line":41,"column":null}},"2":{"start":{"line":43,"column":2},"end":{"line":60,"column":null}}},"fnMap":{"0":{"name":"AlertCountIndicator","decl":{"start":{"line":37,"column":24},"end":{"line":37,"column":44}},"loc":{"start":{"line":37,"column":83},"end":{"line":62,"column":null}},"line":37}},"branchMap":{"0":{"loc":{"start":{"line":37,"column":62},"end":{"line":37,"column":83}},"type":"default-arg","locations":[{"start":{"line":37,"column":74},"end":{"line":37,"column":83}}],"line":37},"1":{"loc":{"start":{"line":40,"column":8},"end":{"line":40,"column":null}},"type":"cond-expr","locations":[{"start":{"line":40,"column":20},"end":{"line":40,"column":36}},{"start":{"line":40,"column":36},"end":{"line":40,"column":null}}],"line":40},"2":{"loc":{"start":{"line":47,"column":45},"end":{"line":47,"column":null}},"type":"cond-expr","locations":[{"start":{"line":47,"column":59},"end":{"line":47,"column":65}},{"start":{"line":47,"column":65},"end":{"line":47,"column":null}}],"line":47},"3":{"loc":{"start":{"line":49,"column":30},"end":{"line":49,"column":53}},"type":"cond-expr","locations":[{"start":{"line":49,"column":44},"end":{"line":49,"column":50}},{"start":{"line":49,"column":50},"end":{"line":49,"column":53}}],"line":49},"4":{"loc":{"start":{"line":52,"column":7},"end":{"line":60,"column":null}},"type":"binary-expr","locations":[{"start":{"line":52,"column":7},"end":{"line":52,"column":null}},{"start":{"line":53,"column":8},"end":{"line":60,"column":null}}],"line":52},"5":{"loc":{"start":{"line":57,"column":11},"end":{"line":57,"column":null}},"type":"cond-expr","locations":[{"start":{"line":57,"column":24},"end":{"line":57,"column":32}},{"start":{"line":57,"column":32},"end":{"line":57,"column":null}}],"line":57}},"s":{"0":3,"1":29,"2":29},"f":{"0":29},"b":{"0":[29],"1":[20,9],"2":[28,1],"3":[28,1],"4":[29,28],"5":[1,27]},"meta":{"lastBranch":6,"lastFunction":1,"lastStatement":3,"seen":{"s:4:15:35:Infinity":0,"f:37:24:37:44":0,"b:37:74:37:83":0,"s:38:22:41:Infinity":1,"b:40:20:40:36:40:36:40:Infinity":1,"s:43:2:60:Infinity":2,"b:47:59:47:65:47:65:47:Infinity":2,"b:49:44:49:50:49:50:49:53":3,"b:52:7:52:Infinity:53:8:60:Infinity":4,"b:57:24:57:32:57:32:57:Infinity":5},"fnNames":{}}}
,"C:\\Users\\MicaJoyce Biadoy\\JowenTwoThree\\frontend\\Inventory\\src\\components\\AlertItem.jsx": {"path":"C:\\Users\\MicaJoyce Biadoy\\JowenTwoThree\\frontend\\Inventory\\src\\components\\AlertItem.jsx","statementMap":{"0":{"start":{"line":4,"column":15},"end":{"line":114,"column":null}},"1":{"start":{"line":117,"column":8},"end":{"line":125,"column":null}},"2":{"start":{"line":118,"column":16},"end":{"line":118,"column":null}},"3":{"start":{"line":119,"column":26},"end":{"line":119,"column":null}},"4":{"start":{"line":121,"column":4},"end":{"line":121,"column":null}},"5":{"start":{"line":121,"column":27},"end":{"line":121,"column":null}},"6":{"start":{"line":122,"column":4},"end":{"line":122,"column":null}},"7":{"start":{"line":122,"column":28},"end":{"line":122,"column":null}},"8":{"start":{"line":123,"column":4},"end":{"line":123,"column":null}},"9":{"start":{"line":123,"column":30},"end":{"line":123,"column":null}},"10":{"start":{"line":124,"column":4},"end":{"line":124,"column":null}},"11":{"start":{"line":127,"column":26},"end":{"line":127,"column":null}},"12":{"start":{"line":129,"column":8},"end":{"line":137,"column":null}},"13":{"start":{"line":130,"column":4},"end":{"line":132,"column":null}},"14":{"start":{"line":131,"column":6},"end":{"line":131,"column":null}},"15":{"start":{"line":133,"column":4},"end":{"line":135,"column":null}},"16":{"start":{"line":134,"column":6},"end":{"line":134,"column":null}},"17":{"start":{"line":136,"column":4},"end":{"line":136,"column":null}},"18":{"start":{"line":139,"column":8},"end":{"line":144,"column":null}},"19":{"start":{"line":140,"column":4},"end":{"line":142,"column":null}},"20":{"start":{"line":141,"column":6},"end":{"line":141,"column":null}},"21":{"start":{"line":143,"column":4},"end":{"line":143,"column":null}},"22":{"start":{"line":146,"column":2},"end":{"line":216,"column":null}}},"fnMap":{"0":{"name":"AlertItem","decl":{"start":{"line":116,"column":24},"end":{"line":116,"column":34}},"loc":{"start":{"line":116,"column":45},"end":{"line":218,"column":null}},"line":116},"1":{"name":"(anonymous_1)","decl":{"start":{"line":117,"column":8},"end":{"line":117,"column":22}},"loc":{"start":{"line":117,"column":36},"end":{"line":125,"column":null}},"line":117},"2":{"name":"(anonymous_2)","decl":{"start":{"line":129,"column":8},"end":{"line":129,"column":30}},"loc":{"start":{"line":129,"column":30},"end":{"line":137,"column":null}},"line":129},"3":{"name":"(anonymous_3)","decl":{"start":{"line":139,"column":8},"end":{"line":139,"column":32}},"loc":{"start":{"line":139,"column":32},"end":{"line":144,"column":null}},"line":139}},"branchMap":{"0":{"loc":{"start":{"line":121,"column":4},"end":{"line":121,"column":null}},"type":"if","locations":[{"start":{"line":121,"column":4},"end":{"line":121,"column":null}},{"start":{},"end":{}}],"line":121},"1":{"loc":{"start":{"line":122,"column":4},"end":{"line":122,"column":null}},"type":"if","locations":[{"start":{"line":122,"column":4},"end":{"line":122,"column":null}},{"start":{},"end":{}}],"line":122},"2":{"loc":{"start":{"line":123,"column":4},"end":{"line":123,"column":null}},"type":"if","locations":[{"start":{"line":123,"column":4},"end":{"line":123,"column":null}},{"start":{},"end":{}}],"line":123},"3":{"loc":{"start":{"line":130,"column":4},"end":{"line":132,"column":null}},"type":"if","locations":[{"start":{"line":130,"column":4},"end":{"line":132,"column":null}},{"start":{},"end":{}}],"line":130},"4":{"loc":{"start":{"line":133,"column":4},"end":{"line":135,"column":null}},"type":"if","locations":[{"start":{"line":133,"column":4},"end":{"line":135,"column":null}},{"start":{},"end":{}}],"line":133},"5":{"loc":{"start":{"line":140,"column":4},"end":{"line":142,"column":null}},"type":"if","locations":[{"start":{"line":140,"column":4},"end":{"line":142,"column":null}},{"start":{},"end":{}}],"line":140},"6":{"loc":{"start":{"line":155,"column":13},"end":{"line":155,"column":null}},"type":"cond-expr","locations":[{"start":{"line":155,"column":45},"end":{"line":155,"column":52}},{"start":{"line":155,"column":52},"end":{"line":155,"column":null}}],"line":155},"7":{"loc":{"start":{"line":180,"column":13},"end":{"line":180,"column":null}},"type":"binary-expr","locations":[{"start":{"line":180,"column":13},"end":{"line":180,"column":31}},{"start":{"line":180,"column":31},"end":{"line":180,"column":null}}],"line":180}},"s":{"0":5,"1":82,"2":82,"3":82,"4":82,"5":0,"6":82,"7":82,"8":0,"9":0,"10":0,"11":82,"12":82,"13":82,"14":58,"15":24,"16":24,"17":0,"18":82,"19":82,"20":58,"21":24,"22":82},"f":{"0":82,"1":82,"2":82,"3":82},"b":{"0":[0,82],"1":[82,0],"2":[0,0],"3":[58,24],"4":[24,0],"5":[58,24],"6":[58,24],"7":[82,0]},"meta":{"lastBranch":8,"lastFunction":4,"lastStatement":23,"seen":{"s:4:15:114:Infinity":0,"f:116:24:116:34":0,"s:117:8:125:Infinity":1,"f:117:8:117:22":1,"s:118:16:118:Infinity":2,"s:119:26:119:Infinity":3,"b:121:4:121:Infinity:undefined:undefined:undefined:undefined":0,"s:121:4:121:Infinity":4,"s:121:27:121:Infinity":5,"b:122:4:122:Infinity:undefined:undefined:undefined:undefined":1,"s:122:4:122:Infinity":6,"s:122:28:122:Infinity":7,"b:123:4:123:Infinity:undefined:undefined:undefined:undefined":2,"s:123:4:123:Infinity":8,"s:123:30:123:Infinity":9,"s:124:4:124:Infinity":10,"s:127:26:127:Infinity":11,"s:129:8:137:Infinity":12,"f:129:8:129:30":2,"b:130:4:132:Infinity:undefined:undefined:undefined:undefined":3,"s:130:4:132:Infinity":13,"s:131:6:131:Infinity":14,"b:133:4:135:Infinity:undefined:undefined:undefined:undefined":4,"s:133:4:135:Infinity":15,"s:134:6:134:Infinity":16,"s:136:4:136:Infinity":17,"s:139:8:144:Infinity":18,"f:139:8:139:32":3,"b:140:4:142:Infinity:undefined:undefined:undefined:undefined":5,"s:140:4:142:Infinity":19,"s:141:6:141:Infinity":20,"s:143:4:143:Infinity":21,"s:146:2:216:Infinity":22,"b:155:45:155:52:155:52:155:Infinity":6,"b:180:13:180:31:180:31:180:Infinity":7},"fnNames":{}}}
,"C:\\Users\\MicaJoyce Biadoy\\JowenTwoThree\\frontend\\Inventory\\src\\components\\AlertList.jsx": {"path":"C:\\Users\\MicaJoyce Biadoy\\JowenTwoThree\\frontend\\Inventory\\src\\components\\AlertList.jsx","statementMap":{"0":{"start":{"line":6,"column":2},"end":{"line":12,"column":null}},"1":{"start":{"line":7,"column":4},"end":{"line":10,"column":null}},"2":{"start":{"line":15,"column":23},"end":{"line":19,"column":null}},"3":{"start":{"line":16,"column":4},"end":{"line":16,"column":null}},"4":{"start":{"line":16,"column":64},"end":{"line":16,"column":null}},"5":{"start":{"line":17,"column":4},"end":{"line":17,"column":null}},"6":{"start":{"line":17,"column":64},"end":{"line":17,"column":null}},"7":{"start":{"line":18,"column":4},"end":{"line":18,"column":null}},"8":{"start":{"line":21,"column":2},"end":{"line":26,"column":null}},"9":{"start":{"line":24,"column":8},"end":{"line":24,"column":null}}},"fnMap":{"0":{"name":"AlertList","decl":{"start":{"line":5,"column":24},"end":{"line":5,"column":34}},"loc":{"start":{"line":5,"column":46},"end":{"line":28,"column":null}},"line":5},"1":{"name":"(anonymous_1)","decl":{"start":{"line":15,"column":35},"end":{"line":15,"column":41}},"loc":{"start":{"line":15,"column":50},"end":{"line":19,"column":3}},"line":15},"2":{"name":"(anonymous_2)","decl":{"start":{"line":23,"column":20},"end":{"line":23,"column":25}},"loc":{"start":{"line":24,"column":8},"end":{"line":24,"column":null}},"line":24}},"branchMap":{"0":{"loc":{"start":{"line":6,"column":2},"end":{"line":12,"column":null}},"type":"if","locations":[{"start":{"line":6,"column":2},"end":{"line":12,"column":null}},{"start":{},"end":{}}],"line":6},"1":{"loc":{"start":{"line":6,"column":6},"end":{"line":6,"column":38}},"type":"binary-expr","locations":[{"start":{"line":6,"column":6},"end":{"line":6,"column":17}},{"start":{"line":6,"column":17},"end":{"line":6,"column":38}}],"line":6},"2":{"loc":{"start":{"line":16,"column":4},"end":{"line":16,"column":null}},"type":"if","locations":[{"start":{"line":16,"column":4},"end":{"line":16,"column":null}},{"start":{},"end":{}}],"line":16},"3":{"loc":{"start":{"line":16,"column":8},"end":{"line":16,"column":64}},"type":"binary-expr","locations":[{"start":{"line":16,"column":8},"end":{"line":16,"column":37}},{"start":{"line":16,"column":37},"end":{"line":16,"column":64}}],"line":16},"4":{"loc":{"start":{"line":17,"column":4},"end":{"line":17,"column":null}},"type":"if","locations":[{"start":{"line":17,"column":4},"end":{"line":17,"column":null}},{"start":{},"end":{}}],"line":17},"5":{"loc":{"start":{"line":17,"column":8},"end":{"line":17,"column":64}},"type":"binary-expr","locations":[{"start":{"line":17,"column":8},"end":{"line":17,"column":37}},{"start":{"line":17,"column":37},"end":{"line":17,"column":64}}],"line":17}},"s":{"0":25,"1":1,"2":24,"3":54,"4":8,"5":46,"6":23,"7":23,"8":24,"9":70},"f":{"0":25,"1":54,"2":70},"b":{"0":[1,24],"1":[25,25],"2":[8,46],"3":[54,31],"4":[23,23],"5":[46,23]},"meta":{"lastBranch":6,"lastFunction":3,"lastStatement":10,"seen":{"f:5:24:5:34":0,"b:6:2:12:Infinity:undefined:undefined:undefined:undefined":0,"s:6:2:12:Infinity":0,"b:6:6:6:17:6:17:6:38":1,"s:7:4:10:Infinity":1,"s:15:23:19:Infinity":2,"f:15:35:15:41":1,"b:16:4:16:Infinity:undefined:undefined:undefined:undefined":2,"s:16:4:16:Infinity":3,"b:16:8:16:37:16:37:16:64":3,"s:16:64:16:Infinity":4,"b:17:4:17:Infinity:undefined:undefined:undefined:undefined":4,"s:17:4:17:Infinity":5,"b:17:8:17:37:17:37:17:64":5,"s:17:64:17:Infinity":6,"s:18:4:18:Infinity":7,"s:21:2:26:Infinity":8,"f:23:20:23:25":2,"s:24:8:24:Infinity":9},"fnNames":{}}}
,"C:\\Users\\MicaJoyce Biadoy\\JowenTwoThree\\frontend\\Inventory\\src\\components\\AlertNotificationPanel.jsx": {"path":"C:\\Users\\MicaJoyce Biadoy\\JowenTwoThree\\frontend\\Inventory\\src\\components\\AlertNotificationPanel.jsx","statementMap":{"0":{"start":{"line":5,"column":15},"end":{"line":100,"column":null}},"1":{"start":{"line":103,"column":2},"end":{"line":103,"column":null}},"2":{"start":{"line":103,"column":15},"end":{"line":103,"column":null}},"3":{"start":{"line":105,"column":2},"end":{"line":160,"column":null}},"4":{"start":{"line":114,"column":24},"end":{"line":114,"column":null}}},"fnMap":{"0":{"name":"AlertNotificationPanel","decl":{"start":{"line":102,"column":24},"end":{"line":102,"column":47}},"loc":{"start":{"line":102,"column":76},"end":{"line":162,"column":null}},"line":102},"1":{"name":"(anonymous_1)","decl":{"start":{"line":114,"column":8},"end":{"line":114,"column":18}},"loc":{"start":{"line":114,"column":24},"end":{"line":114,"column":null}},"line":114}},"branchMap":{"0":{"loc":{"start":{"line":103,"column":2},"end":{"line":103,"column":null}},"type":"if","locations":[{"start":{"line":103,"column":2},"end":{"line":103,"column":null}},{"start":{},"end":{}}],"line":103},"1":{"loc":{"start":{"line":156,"column":29},"end":{"line":156,"column":70}},"type":"cond-expr","locations":[{"start":{"line":156,"column":51},"end":{"line":156,"column":61}},{"start":{"line":156,"column":61},"end":{"line":156,"column":70}}],"line":156}},"s":{"0":3,"1":36,"2":16,"3":20,"4":3},"f":{"0":36,"1":3},"b":{"0":[16,20],"1":[1,19]},"meta":{"lastBranch":2,"lastFunction":2,"lastStatement":5,"seen":{"s:5:15:100:Infinity":0,"f:102:24:102:47":0,"b:103:2:103:Infinity:undefined:undefined:undefined:undefined":0,"s:103:2:103:Infinity":1,"s:103:15:103:Infinity":2,"s:105:2:160:Infinity":3,"f:114:8:114:18":1,"s:114:24:114:Infinity":4,"b:156:51:156:61:156:61:156:70":1},"fnNames":{}}}
,"C:\\Users\\MicaJoyce Biadoy\\JowenTwoThree\\frontend\\Inventory\\src\\components\\DashboardContainer.jsx": {"path":"C:\\Users\\MicaJoyce Biadoy\\JowenTwoThree\\frontend\\Inventory\\src\\components\\DashboardContainer.jsx","statementMap":{"0":{"start":{"line":9,"column":27},"end":{"line":9,"column":null}},"1":{"start":{"line":10,"column":21},"end":{"line":10,"column":null}},"2":{"start":{"line":12,"column":2},"end":{"line":37,"column":null}},"3":{"start":{"line":16,"column":27},"end":{"line":16,"column":null}},"4":{"start":{"line":24,"column":27},"end":{"line":24,"column":null}},"5":{"start":{"line":34,"column":23},"end":{"line":34,"column":null}}},"fnMap":{"0":{"name":"DashboardContainer","decl":{"start":{"line":8,"column":24},"end":{"line":8,"column":44}},"loc":{"start":{"line":8,"column":44},"end":{"line":39,"column":null}},"line":8},"1":{"name":"(anonymous_1)","decl":{"start":{"line":16,"column":8},"end":{"line":16,"column":27}},"loc":{"start":{"line":16,"column":27},"end":{"line":16,"column":null}},"line":16},"2":{"name":"(anonymous_2)","decl":{"start":{"line":24,"column":12},"end":{"line":24,"column":27}},"loc":{"start":{"line":24,"column":27},"end":{"line":24,"column":null}},"line":24},"3":{"name":"(anonymous_3)","decl":{"start":{"line":34,"column":8},"end":{"line":34,"column":23}},"loc":{"start":{"line":34,"column":23},"end":{"line":34,"column":null}},"line":34}},"branchMap":{},"s":{"0":21,"1":21,"2":21,"3":1,"4":3,"5":1},"f":{"0":21,"1":1,"2":3,"3":1},"b":{},"meta":{"lastBranch":0,"lastFunction":4,"lastStatement":6,"seen":{"f:8:24:8:44":0,"s:9:27:9:Infinity":0,"s:10:21:10:Infinity":1,"s:12:2:37:Infinity":2,"f:16:8:16:27":1,"s:16:27:16:Infinity":3,"f:24:12:24:27":2,"s:24:27:24:Infinity":4,"f:34:8:34:23":3,"s:34:23:34:Infinity":5},"fnNames":{}}}
,"C:\\Users\\MicaJoyce Biadoy\\JowenTwoThree\\frontend\\Inventory\\src\\components\\FilterDropdown.jsx": {"path":"C:\\Users\\MicaJoyce Biadoy\\JowenTwoThree\\frontend\\Inventory\\src\\components\\FilterDropdown.jsx","statementMap":{"0":{"start":{"line":5,"column":2},"end":{"line":27,"column":null}},"1":{"start":{"line":8,"column":23},"end":{"line":8,"column":null}},"2":{"start":{"line":23,"column":8},"end":{"line":25,"column":null}}},"fnMap":{"0":{"name":"FilterDropdown","decl":{"start":{"line":4,"column":24},"end":{"line":4,"column":39}},"loc":{"start":{"line":4,"column":83},"end":{"line":29,"column":null}},"line":4},"1":{"name":"(anonymous_1)","decl":{"start":{"line":8,"column":6},"end":{"line":8,"column":17}},"loc":{"start":{"line":8,"column":23},"end":{"line":8,"column":null}},"line":8},"2":{"name":"(anonymous_2)","decl":{"start":{"line":22,"column":18},"end":{"line":22,"column":23}},"loc":{"start":{"line":23,"column":8},"end":{"line":25,"column":null}},"line":23}},"branchMap":{},"s":{"0":9,"1":2,"2":32},"f":{"0":9,"1":2,"2":32},"b":{},"meta":{"lastBranch":0,"lastFunction":3,"lastStatement":3,"seen":{"f:4:24:4:39":0,"s:5:2:27:Infinity":0,"f:8:6:8:17":1,"s:8:23:8:Infinity":1,"f:22:18:22:23":2,"s:23:8:25:Infinity":2},"fnNames":{}}}
,"C:\\Users\\MicaJoyce Biadoy\\JowenTwoThree\\frontend\\Inventory\\src\\components\\InventoryAdjustmentForm.jsx": {"path":"C:\\Users\\MicaJoyce Biadoy\\JowenTwoThree\\frontend\\Inventory\\src\\components\\InventoryAdjustmentForm.jsx","statementMap":{"0":{"start":{"line":7,"column":19},"end":{"line":7,"column":null}},"1":{"start":{"line":8,"column":17},"end":{"line":8,"column":null}},"2":{"start":{"line":9,"column":16},"end":{"line":9,"column":null}},"3":{"start":{"line":10,"column":23},"end":{"line":10,"column":null}},"4":{"start":{"line":11,"column":16},"end":{"line":11,"column":null}},"5":{"start":{"line":12,"column":18},"end":{"line":12,"column":null}},"6":{"start":{"line":14,"column":23},"end":{"line":52,"column":null}},"7":{"start":{"line":15,"column":4},"end":{"line":15,"column":null}},"8":{"start":{"line":18,"column":4},"end":{"line":21,"column":null}},"9":{"start":{"line":19,"column":6},"end":{"line":19,"column":null}},"10":{"start":{"line":20,"column":6},"end":{"line":20,"column":null}},"11":{"start":{"line":23,"column":4},"end":{"line":26,"column":null}},"12":{"start":{"line":24,"column":6},"end":{"line":24,"column":null}},"13":{"start":{"line":25,"column":6},"end":{"line":25,"column":null}},"14":{"start":{"line":28,"column":4},"end":{"line":28,"column":null}},"15":{"start":{"line":29,"column":4},"end":{"line":29,"column":null}},"16":{"start":{"line":30,"column":4},"end":{"line":30,"column":null}},"17":{"start":{"line":32,"column":4},"end":{"line":51,"column":null}},"18":{"start":{"line":33,"column":6},"end":{"line":40,"column":null}},"19":{"start":{"line":42,"column":6},"end":{"line":42,"column":null}},"20":{"start":{"line":44,"column":6},"end":{"line":46,"column":null}},"21":{"start":{"line":45,"column":8},"end":{"line":45,"column":null}},"22":{"start":{"line":49,"column":6},"end":{"line":49,"column":null}},"23":{"start":{"line":50,"column":6},"end":{"line":50,"column":null}},"24":{"start":{"line":54,"column":8},"end":{"line":62,"column":null}},"25":{"start":{"line":55,"column":4},"end":{"line":55,"column":null}},"26":{"start":{"line":56,"column":4},"end":{"line":56,"column":null}},"27":{"start":{"line":57,"column":4},"end":{"line":57,"column":null}},"28":{"start":{"line":58,"column":4},"end":{"line":58,"column":null}},"29":{"start":{"line":59,"column":4},"end":{"line":59,"column":null}},"30":{"start":{"line":60,"column":4},"end":{"line":60,"column":null}},"31":{"start":{"line":61,"column":4},"end":{"line":61,"column":null}},"32":{"start":{"line":64,"column":2},"end":{"line":64,"column":null}},"33":{"start":{"line":64,"column":13},"end":{"line":64,"column":null}},"34":{"start":{"line":66,"column":2},"end":{"line":159,"column":null}},"35":{"start":{"line":115,"column":29},"end":{"line":115,"column":null}}},"fnMap":{"0":{"name":"InventoryAdjustmentForm","decl":{"start":{"line":6,"column":24},"end":{"line":6,"column":48}},"loc":{"start":{"line":6,"column":85},"end":{"line":161,"column":null}},"line":6},"1":{"name":"(anonymous_1)","decl":{"start":{"line":14,"column":23},"end":{"line":14,"column":30}},"loc":{"start":{"line":14,"column":36},"end":{"line":52,"column":null}},"line":14},"2":{"name":"(anonymous_2)","decl":{"start":{"line":44,"column":6},"end":{"line":44,"column":23}},"loc":{"start":{"line":44,"column":23},"end":{"line":46,"column":9}},"line":44},"3":{"name":"(anonymous_3)","decl":{"start":{"line":54,"column":8},"end":{"line":54,"column":28}},"loc":{"start":{"line":54,"column":28},"end":{"line":62,"column":null}},"line":54},"4":{"name":"(anonymous_4)","decl":{"start":{"line":115,"column":12},"end":{"line":115,"column":23}},"loc":{"start":{"line":115,"column":29},"end":{"line":115,"column":null}},"line":115}},"branchMap":{"0":{"loc":{"start":{"line":18,"column":4},"end":{"line":21,"column":null}},"type":"if","locations":[{"start":{"line":18,"column":4},"end":{"line":21,"column":null}},{"start":{},"end":{}}],"line":18},"1":{"loc":{"start":{"line":23,"column":4},"end":{"line":26,"column":null}},"type":"if","locations":[{"start":{"line":23,"column":4},"end":{"line":26,"column":null}},{"start":{},"end":{}}],"line":23},"2":{"loc":{"start":{"line":49,"column":15},"end":{"line":49,"column":58}},"type":"binary-expr","locations":[{"start":{"line":49,"column":15},"end":{"line":49,"column":30}},{"start":{"line":49,"column":30},"end":{"line":49,"column":58}}],"line":49},"3":{"loc":{"start":{"line":64,"column":2},"end":{"line":64,"column":null}},"type":"if","locations":[{"start":{"line":64,"column":2},"end":{"line":64,"column":null}},{"start":{},"end":{}}],"line":64},"4":{"loc":{"start":{"line":125,"column":9},"end":{"line":128,"column":null}},"type":"binary-expr","locations":[{"start":{"line":125,"column":9},"end":{"line":125,"column":null}},{"start":{"line":126,"column":10},"end":{"line":128,"column":null}}],"line":125},"5":{"loc":{"start":{"line":132,"column":9},"end":{"line":135,"column":null}},"type":"binary-expr","locations":[{"start":{"line":132,"column":9},"end":{"line":132,"column":null}},{"start":{"line":133,"column":10},"end":{"line":135,"column":null}}],"line":132},"6":{"loc":{"start":{"line":153,"column":22},"end":{"line":153,"column":null}},"type":"binary-expr","locations":[{"start":{"line":153,"column":22},"end":{"line":153,"column":38}},{"start":{"line":153,"column":38},"end":{"line":153,"column":null}}],"line":153},"7":{"loc":{"start":{"line":155,"column":13},"end":{"line":155,"column":null}},"type":"cond-expr","locations":[{"start":{"line":155,"column":28},"end":{"line":155,"column":44}},{"start":{"line":155,"column":44},"end":{"line":155,"column":null}}],"line":155},"8":{"loc":{"start":{"line":155,"column":44},"end":{"line":155,"column":null}},"type":"cond-expr","locations":[{"start":{"line":155,"column":54},"end":{"line":155,"column":69}},{"start":{"line":155,"column":69},"end":{"line":155,"column":null}}],"line":155}},"s":{"0":14,"1":14,"2":14,"3":14,"4":14,"5":14,"6":14,"7":3,"8":3,"9":1,"10":1,"11":2,"12":1,"13":1,"14":1,"15":1,"16":1,"17":1,"18":1,"19":1,"20":1,"21":0,"22":0,"23":0,"24":14,"25":0,"26":0,"27":0,"28":0,"29":0,"30":0,"31":0,"32":14,"33":0,"34":13,"35":0},"f":{"0":14,"1":3,"2":0,"3":0,"4":0},"b":{"0":[1,2],"1":[1,1],"2":[0,0],"3":[0,14],"4":[13,2],"5":[14,1],"6":[14,11],"7":[2,11],"8":[0,11]},"meta":{"lastBranch":9,"lastFunction":5,"lastStatement":36,"seen":{"f:6:24:6:48":0,"s:7:19:7:Infinity":0,"s:8:17:8:Infinity":1,"s:9:16:9:Infinity":2,"s:10:23:10:Infinity":3,"s:11:16:11:Infinity":4,"s:12:18:12:Infinity":5,"s:14:23:52:Infinity":6,"f:14:23:14:30":1,"s:15:4:15:Infinity":7,"b:18:4:21:Infinity:undefined:undefined:undefined:undefined":0,"s:18:4:21:Infinity":8,"s:19:6:19:Infinity":9,"s:20:6:20:Infinity":10,"b:23:4:26:Infinity:undefined:undefined:undefined:undefined":1,"s:23:4:26:Infinity":11,"s:24:6:24:Infinity":12,"s:25:6:25:Infinity":13,"s:28:4:28:Infinity":14,"s:29:4:29:Infinity":15,"s:30:4:30:Infinity":16,"s:32:4:51:Infinity":17,"s:33:6:40:Infinity":18,"s:42:6:42:Infinity":19,"s:44:6:46:Infinity":20,"f:44:6:44:23":2,"s:45:8:45:Infinity":21,"s:49:6:49:Infinity":22,"b:49:15:49:30:49:30:49:58":2,"s:50:6:50:Infinity":23,"s:54:8:62:Infinity":24,"f:54:8:54:28":3,"s:55:4:55:Infinity":25,"s:56:4:56:Infinity":26,"s:57:4:57:Infinity":27,"s:58:4:58:Infinity":28,"s:59:4:59:Infinity":29,"s:60:4:60:Infinity":30,"s:61:4:61:Infinity":31,"b:64:2:64:Infinity:undefined:undefined:undefined:undefined":3,"s:64:2:64:Infinity":32,"s:64:13:64:Infinity":33,"s:66:2:159:Infinity":34,"f:115:12:115:23":4,"s:115:29:115:Infinity":35,"b:125:9:125:Infinity:126:10:128:Infinity":4,"b:132:9:132:Infinity:133:10:135:Infinity":5,"b:153:22:153:38:153:38:153:Infinity":6,"b:155:28:155:44:155:44:155:Infinity":7,"b:155:54:155:69:155:69:155:Infinity":8},"fnNames":{}}}
,"C:\\Users\\MicaJoyce Biadoy\\JowenTwoThree\\frontend\\Inventory\\src\\components\\InventoryDashboard.jsx": {"path":"C:\\Users\\MicaJoyce Biadoy\\JowenTwoThree\\frontend\\Inventory\\src\\components\\InventoryDashboard.jsx","statementMap":{"0":{"start":{"line":7,"column":2},"end":{"line":13,"column":null}}},"fnMap":{"0":{"name":"InventoryDashboard","decl":{"start":{"line":6,"column":24},"end":{"line":6,"column":45}},"loc":{"start":{"line":6,"column":45},"end":{"line":15,"column":null}},"line":6}},"branchMap":{},"s":{"0":4},"f":{"0":4},"b":{},"meta":{"lastBranch":0,"lastFunction":1,"lastStatement":1,"seen":{"f:6:24:6:45":0,"s:7:2:13:Infinity":0},"fnNames":{}}}
,"C:\\Users\\MicaJoyce Biadoy\\JowenTwoThree\\frontend\\Inventory\\src\\components\\InventoryInteractionLinking.jsx": {"path":"C:\\Users\\MicaJoyce Biadoy\\JowenTwoThree\\frontend\\Inventory\\src\\components\\InventoryInteractionLinking.jsx","statementMap":{"0":{"start":{"line":5,"column":2},"end":{"line":5,"column":null}}},"fnMap":{"0":{"name":"InventoryInteractionLinking","decl":{"start":{"line":4,"column":24},"end":{"line":4,"column":54}},"loc":{"start":{"line":4,"column":54},"end":{"line":6,"column":null}},"line":4}},"branchMap":{},"s":{"0":23},"f":{"0":23},"b":{},"meta":{"lastBranch":0,"lastFunction":1,"lastStatement":1,"seen":{"f:4:24:4:54":0,"s:5:2:5:Infinity":0},"fnNames":{}}}
,"C:\\Users\\MicaJoyce Biadoy\\JowenTwoThree\\frontend\\Inventory\\src\\components\\InventoryTable.jsx": {"path":"C:\\Users\\MicaJoyce Biadoy\\JowenTwoThree\\frontend\\Inventory\\src\\components\\InventoryTable.jsx","statementMap":{"0":{"start":{"line":6,"column":20},"end":{"line":6,"column":null}},"1":{"start":{"line":7,"column":18},"end":{"line":7,"column":null}},"2":{"start":{"line":8,"column":21},"end":{"line":8,"column":null}},"3":{"start":{"line":9,"column":27},"end":{"line":9,"column":null}},"4":{"start":{"line":10,"column":23},"end":{"line":10,"column":null}},"5":{"start":{"line":11,"column":22},"end":{"line":11,"column":null}},"6":{"start":{"line":13,"column":2},"end":{"line":19,"column":null}},"7":{"start":{"line":14,"column":4},"end":{"line":18,"column":null}},"8":{"start":{"line":15,"column":6},"end":{"line":15,"column":null}},"9":{"start":{"line":17,"column":6},"end":{"line":17,"column":null}},"10":{"start":{"line":21,"column":24},"end":{"line":31,"column":null}},"11":{"start":{"line":22,"column":4},"end":{"line":30,"column":null}},"12":{"start":{"line":23,"column":6},"end":{"line":23,"column":null}},"13":{"start":{"line":24,"column":19},"end":{"line":24,"column":null}},"14":{"start":{"line":25,"column":6},"end":{"line":25,"column":null}},"15":{"start":{"line":27,"column":6},"end":{"line":27,"column":null}},"16":{"start":{"line":29,"column":6},"end":{"line":29,"column":null}},"17":{"start":{"line":33,"column":8},"end":{"line":37,"column":null}},"18":{"start":{"line":34,"column":4},"end":{"line":34,"column":null}},"19":{"start":{"line":34,"column":46},"end":{"line":34,"column":null}},"20":{"start":{"line":35,"column":23},"end":{"line":35,"column":null}},"21":{"start":{"line":35,"column":53},"end":{"line":35,"column":66}},"22":{"start":{"line":36,"column":4},"end":{"line":36,"column":null}},"23":{"start":{"line":39,"column":8},"end":{"line":43,"column":null}},"24":{"start":{"line":40,"column":4},"end":{"line":40,"column":null}},"25":{"start":{"line":40,"column":27},"end":{"line":40,"column":null}},"26":{"start":{"line":41,"column":4},"end":{"line":41,"column":null}},"27":{"start":{"line":41,"column":28},"end":{"line":41,"column":null}},"28":{"start":{"line":42,"column":4},"end":{"line":42,"column":null}},"29":{"start":{"line":45,"column":8},"end":{"line":51,"column":null}},"30":{"start":{"line":46,"column":4},"end":{"line":50,"column":null}},"31":{"start":{"line":47,"column":24},"end":{"line":47,"column":null}},"32":{"start":{"line":48,"column":28},"end":{"line":48,"column":null}},"33":{"start":{"line":49,"column":15},"end":{"line":49,"column":null}},"34":{"start":{"line":53,"column":8},"end":{"line":56,"column":null}},"35":{"start":{"line":54,"column":4},"end":{"line":54,"column":null}},"36":{"start":{"line":55,"column":4},"end":{"line":55,"column":null}},"37":{"start":{"line":58,"column":8},"end":{"line":61,"column":null}},"38":{"start":{"line":59,"column":4},"end":{"line":59,"column":null}},"39":{"start":{"line":60,"column":4},"end":{"line":60,"column":null}},"40":{"start":{"line":63,"column":8},"end":{"line":67,"column":null}},"41":{"start":{"line":65,"column":4},"end":{"line":65,"column":null}},"42":{"start":{"line":66,"column":4},"end":{"line":66,"column":null}},"43":{"start":{"line":69,"column":28},"end":{"line":76,"column":null}},"44":{"start":{"line":70,"column":26},"end":{"line":71,"column":null}},"45":{"start":{"line":72,"column":28},"end":{"line":74,"column":null}},"46":{"start":{"line":75,"column":4},"end":{"line":75,"column":null}},"47":{"start":{"line":78,"column":2},"end":{"line":80,"column":null}},"48":{"start":{"line":79,"column":4},"end":{"line":79,"column":null}},"49":{"start":{"line":82,"column":2},"end":{"line":248,"column":null}},"50":{"start":{"line":89,"column":27},"end":{"line":89,"column":null}},"51":{"start":{"line":97,"column":12},"end":{"line":97,"column":null}},"52":{"start":{"line":98,"column":12},"end":{"line":98,"column":null}},"53":{"start":{"line":105,"column":12},"end":{"line":107,"column":null}},"54":{"start":{"line":133,"column":31},"end":{"line":133,"column":null}},"55":{"start":{"line":134,"column":34},"end":{"line":136,"column":null}},"56":{"start":{"line":137,"column":16},"end":{"line":169,"column":null}},"57":{"start":{"line":164,"column":39},"end":{"line":164,"column":null}}},"fnMap":{"0":{"name":"InventoryTable","decl":{"start":{"line":5,"column":24},"end":{"line":5,"column":39}},"loc":{"start":{"line":5,"column":69},"end":{"line":250,"column":null}},"line":5},"1":{"name":"(anonymous_1)","decl":{"start":{"line":13,"column":2},"end":{"line":13,"column":18}},"loc":{"start":{"line":13,"column":18},"end":{"line":19,"column":5}},"line":13},"2":{"name":"(anonymous_2)","decl":{"start":{"line":21,"column":24},"end":{"line":21,"column":36}},"loc":{"start":{"line":21,"column":36},"end":{"line":31,"column":null}},"line":21},"3":{"name":"(anonymous_3)","decl":{"start":{"line":33,"column":8},"end":{"line":33,"column":30}},"loc":{"start":{"line":33,"column":30},"end":{"line":37,"column":null}},"line":33},"4":{"name":"(anonymous_4)","decl":{"start":{"line":35,"column":41},"end":{"line":35,"column":45}},"loc":{"start":{"line":35,"column":53},"end":{"line":35,"column":66}},"line":35},"5":{"name":"(anonymous_5)","decl":{"start":{"line":39,"column":8},"end":{"line":39,"column":21}},"loc":{"start":{"line":39,"column":30},"end":{"line":43,"column":null}},"line":39},"6":{"name":"(anonymous_6)","decl":{"start":{"line":45,"column":8},"end":{"line":45,"column":26}},"loc":{"start":{"line":45,"column":37},"end":{"line":51,"column":null}},"line":45},"7":{"name":"(anonymous_7)","decl":{"start":{"line":53,"column":8},"end":{"line":53,"column":22}},"loc":{"start":{"line":53,"column":31},"end":{"line":56,"column":null}},"line":53},"8":{"name":"(anonymous_8)","decl":{"start":{"line":58,"column":8},"end":{"line":58,"column":29}},"loc":{"start":{"line":58,"column":29},"end":{"line":61,"column":null}},"line":58},"9":{"name":"(anonymous_9)","decl":{"start":{"line":63,"column":8},"end":{"line":63,"column":27}},"loc":{"start":{"line":63,"column":27},"end":{"line":67,"column":null}},"line":63},"10":{"name":"(anonymous_10)","decl":{"start":{"line":69,"column":38},"end":{"line":69,"column":45}},"loc":{"start":{"line":69,"column":53},"end":{"line":76,"column":3}},"line":69},"11":{"name":"(anonymous_11)","decl":{"start":{"line":89,"column":10},"end":{"line":89,"column":21}},"loc":{"start":{"line":89,"column":27},"end":{"line":89,"column":null}},"line":89},"12":{"name":"(anonymous_12)","decl":{"start":{"line":96,"column":10},"end":{"line":96,"column":21}},"loc":{"start":{"line":96,"column":27},"end":{"line":99,"column":null}},"line":96},"13":{"name":"(anonymous_13)","decl":{"start":{"line":104,"column":27},"end":{"line":104,"column":31}},"loc":{"start":{"line":105,"column":12},"end":{"line":107,"column":null}},"line":105},"14":{"name":"(anonymous_14)","decl":{"start":{"line":132,"column":32},"end":{"line":132,"column":36}},"loc":{"start":{"line":132,"column":44},"end":{"line":171,"column":15}},"line":132},"15":{"name":"(anonymous_15)","decl":{"start":{"line":164,"column":24},"end":{"line":164,"column":39}},"loc":{"start":{"line":164,"column":39},"end":{"line":164,"column":null}},"line":164}},"branchMap":{"0":{"loc":{"start":{"line":6,"column":45},"end":{"line":6,"column":64}},"type":"binary-expr","locations":[{"start":{"line":6,"column":45},"end":{"line":6,"column":62}},{"start":{"line":6,"column":62},"end":{"line":6,"column":64}}],"line":6},"1":{"loc":{"start":{"line":14,"column":4},"end":{"line":18,"column":null}},"type":"if","locations":[{"start":{"line":14,"column":4},"end":{"line":18,"column":null}},{"start":{"line":16,"column":11},"end":{"line":18,"column":null}}],"line":14},"2":{"loc":{"start":{"line":34,"column":4},"end":{"line":34,"column":null}},"type":"if","locations":[{"start":{"line":34,"column":4},"end":{"line":34,"column":null}},{"start":{},"end":{}}],"line":34},"3":{"loc":{"start":{"line":34,"column":8},"end":{"line":34,"column":46}},"type":"binary-expr","locations":[{"start":{"line":34,"column":8},"end":{"line":34,"column":22}},{"start":{"line":34,"column":22},"end":{"line":34,"column":46}}],"line":34},"4":{"loc":{"start":{"line":40,"column":4},"end":{"line":40,"column":null}},"type":"if","locations":[{"start":{"line":40,"column":4},"end":{"line":40,"column":null}},{"start":{},"end":{}}],"line":40},"5":{"loc":{"start":{"line":41,"column":4},"end":{"line":41,"column":null}},"type":"if","locations":[{"start":{"line":41,"column":4},"end":{"line":41,"column":null}},{"start":{},"end":{}}],"line":41},"6":{"loc":{"start":{"line":46,"column":4},"end":{"line":50,"column":null}},"type":"switch","locations":[{"start":{"line":47,"column":6},"end":{"line":47,"column":null}},{"start":{"line":48,"column":6},"end":{"line":48,"column":null}},{"start":{"line":49,"column":6},"end":{"line":49,"column":null}}],"line":46},"7":{"loc":{"start":{"line":70,"column":26},"end":{"line":71,"column":null}},"type":"binary-expr","locations":[{"start":{"line":70,"column":26},"end":{"line":70,"column":null}},{"start":{"line":71,"column":26},"end":{"line":71,"column":null}}],"line":70},"8":{"loc":{"start":{"line":72,"column":28},"end":{"line":74,"column":null}},"type":"binary-expr","locations":[{"start":{"line":72,"column":28},"end":{"line":72,"column":null}},{"start":{"line":73,"column":27},"end":{"line":73,"column":null}},{"start":{"line":74,"column":27},"end":{"line":74,"column":null}}],"line":72},"9":{"loc":{"start":{"line":75,"column":11},"end":{"line":75,"column":null}},"type":"binary-expr","locations":[{"start":{"line":75,"column":11},"end":{"line":75,"column":28}},{"start":{"line":75,"column":28},"end":{"line":75,"column":null}}],"line":75},"10":{"loc":{"start":{"line":78,"column":2},"end":{"line":80,"column":null}},"type":"if","locations":[{"start":{"line":78,"column":2},"end":{"line":80,"column":null}},{"start":{},"end":{}}],"line":78},"11":{"loc":{"start":{"line":125,"column":13},"end":{"line":171,"column":null}},"type":"cond-expr","locations":[{"start":{"line":126,"column":14},"end":{"line":132,"column":32}},{"start":{"line":132,"column":14},"end":{"line":171,"column":null}}],"line":125},"12":{"loc":{"start":{"line":134,"column":34},"end":{"line":136,"column":null}},"type":"cond-expr","locations":[{"start":{"line":134,"column":58},"end":{"line":134,"column":null}},{"start":{"line":135,"column":33},"end":{"line":136,"column":null}}],"line":134},"13":{"loc":{"start":{"line":135,"column":33},"end":{"line":136,"column":null}},"type":"cond-expr","locations":[{"start":{"line":135,"column":58},"end":{"line":135,"column":null}},{"start":{"line":136,"column":33},"end":{"line":136,"column":null}}],"line":135},"14":{"loc":{"start":{"line":178,"column":7},"end":{"line":246,"column":null}},"type":"binary-expr","locations":[{"start":{"line":178,"column":7},"end":{"line":178,"column":22}},{"start":{"line":178,"column":22},"end":{"line":178,"column":null}},{"start":{"line":179,"column":8},"end":{"line":246,"column":null}}],"line":178}},"s":{"0":246,"1":246,"2":246,"3":246,"4":246,"5":246,"6":246,"7":54,"8":54,"9":0,"10":246,"11":54,"12":54,"13":54,"14":54,"15":0,"16":54,"17":246,"18":188,"19":0,"20":188,"21":886,"22":188,"23":246,"24":555,"25":233,"26":322,"27":99,"28":223,"29":246,"30":555,"31":233,"32":99,"33":223,"34":246,"35":9,"36":9,"37":246,"38":4,"39":4,"40":246,"41":0,"42":0,"43":246,"44":886,"45":886,"46":886,"47":246,"48":54,"49":188,"50":80,"51":5,"52":5,"53":904,"54":555,"55":555,"56":555,"57":9},"f":{"0":246,"1":54,"2":54,"3":188,"4":886,"5":555,"6":555,"7":9,"8":4,"9":0,"10":886,"11":80,"12":5,"13":904,"14":555,"15":9},"b":{"0":[246,242],"1":[54,0],"2":[0,188],"3":[188,188],"4":[233,322],"5":[99,223],"6":[233,99,223],"7":[886,354],"8":[886,881,60],"9":[886,568],"10":[54,192],"11":[40,148],"12":[223,332],"13":[233,99],"14":[246,9,9]},"meta":{"lastBranch":15,"lastFunction":16,"lastStatement":58,"seen":{"f:5:24:5:39":0,"s:6:20:6:Infinity":0,"b:6:45:6:62:6:62:6:64":0,"s:7:18:7:Infinity":1,"s:8:21:8:Infinity":2,"s:9:27:9:Infinity":3,"s:10:23:10:Infinity":4,"s:11:22:11:Infinity":5,"s:13:2:19:Infinity":6,"f:13:2:13:18":1,"b:14:4:18:Infinity:16:11:18:Infinity":1,"s:14:4:18:Infinity":7,"s:15:6:15:Infinity":8,"s:17:6:17:Infinity":9,"s:21:24:31:Infinity":10,"f:21:24:21:36":2,"s:22:4:30:Infinity":11,"s:23:6:23:Infinity":12,"s:24:19:24:Infinity":13,"s:25:6:25:Infinity":14,"s:27:6:27:Infinity":15,"s:29:6:29:Infinity":16,"s:33:8:37:Infinity":17,"f:33:8:33:30":3,"b:34:4:34:Infinity:undefined:undefined:undefined:undefined":2,"s:34:4:34:Infinity":18,"b:34:8:34:22:34:22:34:46":3,"s:34:46:34:Infinity":19,"s:35:23:35:Infinity":20,"f:35:41:35:45":4,"s:35:53:35:66":21,"s:36:4:36:Infinity":22,"s:39:8:43:Infinity":23,"f:39:8:39:21":5,"b:40:4:40:Infinity:undefined:undefined:undefined:undefined":4,"s:40:4:40:Infinity":24,"s:40:27:40:Infinity":25,"b:41:4:41:Infinity:undefined:undefined:undefined:undefined":5,"s:41:4:41:Infinity":26,"s:41:28:41:Infinity":27,"s:42:4:42:Infinity":28,"s:45:8:51:Infinity":29,"f:45:8:45:26":6,"b:47:6:47:Infinity:48:6:48:Infinity:49:6:49:Infinity":6,"s:46:4:50:Infinity":30,"s:47:24:47:Infinity":31,"s:48:28:48:Infinity":32,"s:49:15:49:Infinity":33,"s:53:8:56:Infinity":34,"f:53:8:53:22":7,"s:54:4:54:Infinity":35,"s:55:4:55:Infinity":36,"s:58:8:61:Infinity":37,"f:58:8:58:29":8,"s:59:4:59:Infinity":38,"s:60:4:60:Infinity":39,"s:63:8:67:Infinity":40,"f:63:8:63:27":9,"s:65:4:65:Infinity":41,"s:66:4:66:Infinity":42,"s:69:28:76:Infinity":43,"f:69:38:69:45":10,"s:70:26:71:Infinity":44,"b:70:26:70:Infinity:71:26:71:Infinity":7,"s:72:28:74:Infinity":45,"b:72:28:72:Infinity:73:27:73:Infinity:74:27:74:Infinity":8,"s:75:4:75:Infinity":46,"b:75:11:75:28:75:28:75:Infinity":9,"b:78:2:80:Infinity:undefined:undefined:undefined:undefined":10,"s:78:2:80:Infinity":47,"s:79:4:79:Infinity":48,"s:82:2:248:Infinity":49,"f:89:10:89:21":11,"s:89:27:89:Infinity":50,"f:96:10:96:21":12,"s:97:12:97:Infinity":51,"s:98:12:98:Infinity":52,"f:104:27:104:31":13,"s:105:12:107:Infinity":53,"b:126:14:132:32:132:14:171:Infinity":11,"f:132:32:132:36":14,"s:133:31:133:Infinity":54,"s:134:34:136:Infinity":55,"b:134:58:134:Infinity:135:33:136:Infinity":12,"b:135:58:135:Infinity:136:33:136:Infinity":13,"s:137:16:169:Infinity":56,"f:164:24:164:39":15,"s:164:39:164:Infinity":57,"b:178:7:178:22:178:22:178:Infinity:179:8:246:Infinity":14},"fnNames":{}}}
,"C:\\Users\\MicaJoyce Biadoy\\JowenTwoThree\\frontend\\Inventory\\src\\components\\LowStockWarningBanner.jsx": {"path":"C:\\Users\\MicaJoyce Biadoy\\JowenTwoThree\\frontend\\Inventory\\src\\components\\LowStockWarningBanner.jsx","statementMap":{"0":{"start":{"line":4,"column":2},"end":{"line":4,"column":null}},"1":{"start":{"line":4,"column":24},"end":{"line":4,"column":null}},"2":{"start":{"line":6,"column":2},"end":{"line":28,"column":null}}},"fnMap":{"0":{"name":"LowStockWarningBanner","decl":{"start":{"line":3,"column":24},"end":{"line":3,"column":46}},"loc":{"start":{"line":3,"column":75},"end":{"line":30,"column":1}},"line":3}},"branchMap":{"0":{"loc":{"start":{"line":4,"column":2},"end":{"line":4,"column":null}},"type":"if","locations":[{"start":{"line":4,"column":2},"end":{"line":4,"column":null}},{"start":{},"end":{}}],"line":4},"1":{"loc":{"start":{"line":17,"column":24},"end":{"line":17,"column":67}},"type":"cond-expr","locations":[{"start":{"line":17,"column":43},"end":{"line":17,"column":55}},{"start":{"line":17,"column":55},"end":{"line":17,"column":67}}],"line":17}},"s":{"0":25,"1":1,"2":24},"f":{"0":25},"b":{"0":[1,24],"1":[2,22]},"meta":{"lastBranch":2,"lastFunction":1,"lastStatement":3,"seen":{"f:3:24:3:46":0,"b:4:2:4:Infinity:undefined:undefined:undefined:undefined":0,"s:4:2:4:Infinity":0,"s:4:24:4:Infinity":1,"s:6:2:28:Infinity":2,"b:17:43:17:55:17:55:17:67":1},"fnNames":{}}}
,"C:\\Users\\MicaJoyce Biadoy\\JowenTwoThree\\frontend\\Inventory\\src\\components\\Modal.jsx": {"path":"C:\\Users\\MicaJoyce Biadoy\\JowenTwoThree\\frontend\\Inventory\\src\\components\\Modal.jsx","statementMap":{"0":{"start":{"line":4,"column":2},"end":{"line":4,"column":null}},"1":{"start":{"line":4,"column":15},"end":{"line":4,"column":null}},"2":{"start":{"line":6,"column":8},"end":{"line":10,"column":null}},"3":{"start":{"line":7,"column":4},"end":{"line":9,"column":null}},"4":{"start":{"line":8,"column":6},"end":{"line":8,"column":null}},"5":{"start":{"line":12,"column":2},"end":{"line":48,"column":null}}},"fnMap":{"0":{"name":"Modal","decl":{"start":{"line":3,"column":24},"end":{"line":3,"column":30}},"loc":{"start":{"line":3,"column":76},"end":{"line":50,"column":null}},"line":3},"1":{"name":"(anonymous_1)","decl":{"start":{"line":6,"column":8},"end":{"line":6,"column":30}},"loc":{"start":{"line":6,"column":36},"end":{"line":10,"column":null}},"line":6}},"branchMap":{"0":{"loc":{"start":{"line":4,"column":2},"end":{"line":4,"column":null}},"type":"if","locations":[{"start":{"line":4,"column":2},"end":{"line":4,"column":null}},{"start":{},"end":{}}],"line":4},"1":{"loc":{"start":{"line":7,"column":4},"end":{"line":9,"column":null}},"type":"if","locations":[{"start":{"line":7,"column":4},"end":{"line":9,"column":null}},{"start":{},"end":{}}],"line":7},"2":{"loc":{"start":{"line":42,"column":9},"end":{"line":45,"column":null}},"type":"binary-expr","locations":[{"start":{"line":42,"column":9},"end":{"line":42,"column":null}},{"start":{"line":43,"column":10},"end":{"line":45,"column":null}}],"line":42}},"s":{"0":21,"1":1,"2":20,"3":0,"4":0,"5":20},"f":{"0":21,"1":0},"b":{"0":[1,20],"1":[0,0],"2":[20,1]},"meta":{"lastBranch":3,"lastFunction":2,"lastStatement":6,"seen":{"f:3:24:3:30":0,"b:4:2:4:Infinity:undefined:undefined:undefined:undefined":0,"s:4:2:4:Infinity":0,"s:4:15:4:Infinity":1,"s:6:8:10:Infinity":2,"f:6:8:6:30":1,"b:7:4:9:Infinity:undefined:undefined:undefined:undefined":1,"s:7:4:9:Infinity":3,"s:8:6:8:Infinity":4,"s:12:2:48:Infinity":5,"b:42:9:42:Infinity:43:10:45:Infinity":2},"fnNames":{}}}
,"C:\\Users\\MicaJoyce Biadoy\\JowenTwoThree\\frontend\\Inventory\\src\\components\\QuantityInput.jsx": {"path":"C:\\Users\\MicaJoyce Biadoy\\JowenTwoThree\\frontend\\Inventory\\src\\components\\QuantityInput.jsx","statementMap":{"0":{"start":{"line":12,"column":8},"end":{"line":16,"column":null}},"1":{"start":{"line":13,"column":4},"end":{"line":15,"column":null}},"2":{"start":{"line":14,"column":6},"end":{"line":14,"column":null}},"3":{"start":{"line":18,"column":8},"end":{"line":22,"column":null}},"4":{"start":{"line":19,"column":4},"end":{"line":21,"column":null}},"5":{"start":{"line":20,"column":6},"end":{"line":20,"column":null}},"6":{"start":{"line":24,"column":8},"end":{"line":29,"column":null}},"7":{"start":{"line":25,"column":16},"end":{"line":25,"column":null}},"8":{"start":{"line":26,"column":4},"end":{"line":28,"column":null}},"9":{"start":{"line":27,"column":6},"end":{"line":27,"column":null}},"10":{"start":{"line":31,"column":2},"end":{"line":67,"column":null}}},"fnMap":{"0":{"name":"QuantityInput","decl":{"start":{"line":4,"column":24},"end":{"line":4,"column":38}},"loc":{"start":{"line":11,"column":3},"end":{"line":69,"column":null}},"line":11},"1":{"name":"(anonymous_1)","decl":{"start":{"line":12,"column":8},"end":{"line":12,"column":32}},"loc":{"start":{"line":12,"column":32},"end":{"line":16,"column":null}},"line":12},"2":{"name":"(anonymous_2)","decl":{"start":{"line":18,"column":8},"end":{"line":18,"column":32}},"loc":{"start":{"line":18,"column":32},"end":{"line":22,"column":null}},"line":18},"3":{"name":"(anonymous_3)","decl":{"start":{"line":24,"column":8},"end":{"line":24,"column":24}},"loc":{"start":{"line":24,"column":30},"end":{"line":29,"column":null}},"line":24}},"branchMap":{"0":{"loc":{"start":{"line":7,"column":2},"end":{"line":7,"column":null}},"type":"default-arg","locations":[{"start":{"line":7,"column":8},"end":{"line":7,"column":null}}],"line":7},"1":{"loc":{"start":{"line":8,"column":2},"end":{"line":8,"column":null}},"type":"default-arg","locations":[{"start":{"line":8,"column":8},"end":{"line":8,"column":null}}],"line":8},"2":{"loc":{"start":{"line":9,"column":2},"end":{"line":9,"column":null}},"type":"default-arg","locations":[{"start":{"line":9,"column":10},"end":{"line":9,"column":null}}],"line":9},"3":{"loc":{"start":{"line":10,"column":2},"end":{"line":10,"column":null}},"type":"default-arg","locations":[{"start":{"line":10,"column":13},"end":{"line":10,"column":null}}],"line":10},"4":{"loc":{"start":{"line":13,"column":4},"end":{"line":15,"column":null}},"type":"if","locations":[{"start":{"line":13,"column":4},"end":{"line":15,"column":null}},{"start":{},"end":{}}],"line":13},"5":{"loc":{"start":{"line":19,"column":4},"end":{"line":21,"column":null}},"type":"if","locations":[{"start":{"line":19,"column":4},"end":{"line":21,"column":null}},{"start":{},"end":{}}],"line":19},"6":{"loc":{"start":{"line":26,"column":4},"end":{"line":28,"column":null}},"type":"if","locations":[{"start":{"line":26,"column":4},"end":{"line":28,"column":null}},{"start":{},"end":{}}],"line":26},"7":{"loc":{"start":{"line":26,"column":8},"end":{"line":26,"column":49}},"type":"binary-expr","locations":[{"start":{"line":26,"column":8},"end":{"line":26,"column":23}},{"start":{"line":26,"column":23},"end":{"line":26,"column":37}},{"start":{"line":26,"column":37},"end":{"line":26,"column":49}}],"line":26},"8":{"loc":{"start":{"line":39,"column":20},"end":{"line":39,"column":null}},"type":"binary-expr","locations":[{"start":{"line":39,"column":20},"end":{"line":39,"column":32}},{"start":{"line":39,"column":32},"end":{"line":39,"column":null}}],"line":39},"9":{"loc":{"start":{"line":60,"column":20},"end":{"line":60,"column":null}},"type":"binary-expr","locations":[{"start":{"line":60,"column":20},"end":{"line":60,"column":32}},{"start":{"line":60,"column":32},"end":{"line":60,"column":null}}],"line":60}},"s":{"0":24,"1":3,"2":3,"3":24,"4":2,"5":2,"6":24,"7":2,"8":2,"9":2,"10":24},"f":{"0":24,"1":3,"2":2,"3":2},"b":{"0":[24],"1":[24],"2":[24],"3":[24],"4":[3,0],"5":[2,0],"6":[2,0],"7":[2,2,2],"8":[24,22],"9":[24,22]},"meta":{"lastBranch":10,"lastFunction":4,"lastStatement":11,"seen":{"f:4:24:4:38":0,"b:7:8:7:Infinity":0,"b:8:8:8:Infinity":1,"b:9:10:9:Infinity":2,"b:10:13:10:Infinity":3,"s:12:8:16:Infinity":0,"f:12:8:12:32":1,"b:13:4:15:Infinity:undefined:undefined:undefined:undefined":4,"s:13:4:15:Infinity":1,"s:14:6:14:Infinity":2,"s:18:8:22:Infinity":3,"f:18:8:18:32":2,"b:19:4:21:Infinity:undefined:undefined:undefined:undefined":5,"s:19:4:21:Infinity":4,"s:20:6:20:Infinity":5,"s:24:8:29:Infinity":6,"f:24:8:24:24":3,"s:25:16:25:Infinity":7,"b:26:4:28:Infinity:undefined:undefined:undefined:undefined":6,"s:26:4:28:Infinity":8,"b:26:8:26:23:26:23:26:37:26:37:26:49":7,"s:27:6:27:Infinity":9,"s:31:2:67:Infinity":10,"b:39:20:39:32:39:32:39:Infinity":8,"b:60:20:60:32:60:32:60:Infinity":9},"fnNames":{}}}
,"C:\\Users\\MicaJoyce Biadoy\\JowenTwoThree\\frontend\\Inventory\\src\\components\\SearchInput.jsx": {"path":"C:\\Users\\MicaJoyce Biadoy\\JowenTwoThree\\frontend\\Inventory\\src\\components\\SearchInput.jsx","statementMap":{"0":{"start":{"line":5,"column":2},"end":{"line":23,"column":null}},"1":{"start":{"line":9,"column":23},"end":{"line":9,"column":null}}},"fnMap":{"0":{"name":"SearchInput","decl":{"start":{"line":4,"column":24},"end":{"line":4,"column":36}},"loc":{"start":{"line":4,"column":90},"end":{"line":25,"column":null}},"line":4},"1":{"name":"(anonymous_1)","decl":{"start":{"line":9,"column":6},"end":{"line":9,"column":17}},"loc":{"start":{"line":9,"column":23},"end":{"line":9,"column":null}},"line":9}},"branchMap":{"0":{"loc":{"start":{"line":4,"column":55},"end":{"line":4,"column":90}},"type":"default-arg","locations":[{"start":{"line":4,"column":69},"end":{"line":4,"column":90}}],"line":4}},"s":{"0":8,"1":4},"f":{"0":8,"1":4},"b":{"0":[8]},"meta":{"lastBranch":1,"lastFunction":2,"lastStatement":2,"seen":{"f:4:24:4:36":0,"b:4:69:4:90":0,"s:5:2:23:Infinity":0,"f:9:6:9:17":1,"s:9:23:9:Infinity":1},"fnNames":{}}}
,"C:\\Users\\MicaJoyce Biadoy\\JowenTwoThree\\frontend\\Inventory\\src\\components\\Sidebar.jsx": {"path":"C:\\Users\\MicaJoyce Biadoy\\JowenTwoThree\\frontend\\Inventory\\src\\components\\Sidebar.jsx","statementMap":{"0":{"start":{"line":3,"column":17},"end":{"line":8,"column":null}},"1":{"start":{"line":11,"column":2},"end":{"line":31,"column":null}},"2":{"start":{"line":19,"column":12},"end":{"line":27,"column":null}}},"fnMap":{"0":{"name":"Sidebar","decl":{"start":{"line":10,"column":24},"end":{"line":10,"column":32}},"loc":{"start":{"line":10,"column":61},"end":{"line":33,"column":null}},"line":10},"1":{"name":"(anonymous_1)","decl":{"start":{"line":18,"column":20},"end":{"line":18,"column":25}},"loc":{"start":{"line":19,"column":12},"end":{"line":27,"column":null}},"line":19}},"branchMap":{"0":{"loc":{"start":{"line":10,"column":34},"end":{"line":10,"column":61}},"type":"default-arg","locations":[{"start":{"line":10,"column":47},"end":{"line":10,"column":61}}],"line":10},"1":{"loc":{"start":{"line":22,"column":43},"end":{"line":22,"column":null}},"type":"cond-expr","locations":[{"start":{"line":22,"column":85},"end":{"line":22,"column":96}},{"start":{"line":22,"column":96},"end":{"line":22,"column":null}}],"line":22}},"s":{"0":2,"1":10,"2":40},"f":{"0":10,"1":40},"b":{"0":[10],"1":[10,30]},"meta":{"lastBranch":2,"lastFunction":2,"lastStatement":3,"seen":{"s:3:17:8:Infinity":0,"f:10:24:10:32":0,"b:10:47:10:61":0,"s:11:2:31:Infinity":1,"f:18:20:18:25":1,"s:19:12:27:Infinity":2,"b:22:85:22:96:22:96:22:Infinity":1},"fnNames":{}}}
,"C:\\Users\\MicaJoyce Biadoy\\JowenTwoThree\\frontend\\Inventory\\src\\components\\StockStatusBadge.jsx": {"path":"C:\\Users\\MicaJoyce Biadoy\\JowenTwoThree\\frontend\\Inventory\\src\\components\\StockStatusBadge.jsx","statementMap":{"0":{"start":{"line":4,"column":6},"end":{"line":15,"column":null}},"1":{"start":{"line":5,"column":2},"end":{"line":14,"column":null}},"2":{"start":{"line":7,"column":6},"end":{"line":7,"column":null}},"3":{"start":{"line":9,"column":6},"end":{"line":9,"column":null}},"4":{"start":{"line":11,"column":6},"end":{"line":11,"column":null}},"5":{"start":{"line":13,"column":6},"end":{"line":13,"column":null}},"6":{"start":{"line":17,"column":6},"end":{"line":28,"column":null}},"7":{"start":{"line":18,"column":2},"end":{"line":27,"column":null}},"8":{"start":{"line":20,"column":6},"end":{"line":20,"column":null}},"9":{"start":{"line":22,"column":6},"end":{"line":22,"column":null}},"10":{"start":{"line":24,"column":6},"end":{"line":24,"column":null}},"11":{"start":{"line":26,"column":6},"end":{"line":26,"column":null}},"12":{"start":{"line":31,"column":16},"end":{"line":31,"column":null}},"13":{"start":{"line":32,"column":16},"end":{"line":32,"column":null}},"14":{"start":{"line":34,"column":2},"end":{"line":50,"column":null}}},"fnMap":{"0":{"name":"(anonymous_0)","decl":{"start":{"line":4,"column":6},"end":{"line":4,"column":24}},"loc":{"start":{"line":4,"column":35},"end":{"line":15,"column":null}},"line":4},"1":{"name":"(anonymous_1)","decl":{"start":{"line":17,"column":6},"end":{"line":17,"column":24}},"loc":{"start":{"line":17,"column":35},"end":{"line":28,"column":null}},"line":17},"2":{"name":"StockStatusBadge","decl":{"start":{"line":30,"column":24},"end":{"line":30,"column":41}},"loc":{"start":{"line":30,"column":62},"end":{"line":52,"column":null}},"line":30}},"branchMap":{"0":{"loc":{"start":{"line":5,"column":2},"end":{"line":14,"column":null}},"type":"switch","locations":[{"start":{"line":6,"column":4},"end":{"line":7,"column":null}},{"start":{"line":8,"column":4},"end":{"line":9,"column":null}},{"start":{"line":10,"column":4},"end":{"line":11,"column":null}},{"start":{"line":12,"column":4},"end":{"line":13,"column":null}}],"line":5},"1":{"loc":{"start":{"line":18,"column":2},"end":{"line":27,"column":null}},"type":"switch","locations":[{"start":{"line":19,"column":4},"end":{"line":20,"column":null}},{"start":{"line":21,"column":4},"end":{"line":22,"column":null}},{"start":{"line":23,"column":4},"end":{"line":24,"column":null}},{"start":{"line":25,"column":4},"end":{"line":26,"column":null}}],"line":18}},"s":{"0":1,"1":9,"2":5,"3":2,"4":2,"5":0,"6":1,"7":9,"8":5,"9":2,"10":2,"11":0,"12":9,"13":9,"14":9},"f":{"0":9,"1":9,"2":9},"b":{"0":[5,2,2,0],"1":[5,2,2,0]},"meta":{"lastBranch":2,"lastFunction":3,"lastStatement":15,"seen":{"s:4:6:15:Infinity":0,"f:4:6:4:24":0,"b:6:4:7:Infinity:8:4:9:Infinity:10:4:11:Infinity:12:4:13:Infinity":0,"s:5:2:14:Infinity":1,"s:7:6:7:Infinity":2,"s:9:6:9:Infinity":3,"s:11:6:11:Infinity":4,"s:13:6:13:Infinity":5,"s:17:6:28:Infinity":6,"f:17:6:17:24":1,"b:19:4:20:Infinity:21:4:22:Infinity:23:4:24:Infinity:25:4:26:Infinity":1,"s:18:2:27:Infinity":7,"s:20:6:20:Infinity":8,"s:22:6:22:Infinity":9,"s:24:6:24:Infinity":10,"s:26:6:26:Infinity":11,"f:30:24:30:41":2,"s:31:16:31:Infinity":12,"s:32:16:32:Infinity":13,"s:34:2:50:Infinity":14},"fnNames":{}}}
,"C:\\Users\\MicaJoyce Biadoy\\JowenTwoThree\\frontend\\POS\\src\\App.css": {"path":"C:\\Users\\MicaJoyce Biadoy\\JowenTwoThree\\frontend\\POS\\src\\App.css","statementMap":{},"fnMap":{},"branchMap":{},"s":{},"f":{},"b":{},"meta":{"lastBranch":0,"lastFunction":0,"lastStatement":0,"seen":{},"fnNames":{}}}
,"C:\\Users\\MicaJoyce Biadoy\\JowenTwoThree\\frontend\\POS\\src\\App.jsx": {"path":"C:\\Users\\MicaJoyce Biadoy\\JowenTwoThree\\frontend\\POS\\src\\App.jsx","statementMap":{"0":{"start":{"line":7,"column":21},"end":{"line":7,"column":null}},"1":{"start":{"line":8,"column":15},"end":{"line":8,"column":null}},"2":{"start":{"line":10,"column":8},"end":{"line":16,"column":null}},"3":{"start":{"line":11,"column":4},"end":{"line":14,"column":null}},"4":{"start":{"line":15,"column":4},"end":{"line":15,"column":null}},"5":{"start":{"line":18,"column":8},"end":{"line":21,"column":null}},"6":{"start":{"line":19,"column":4},"end":{"line":19,"column":null}},"7":{"start":{"line":20,"column":4},"end":{"line":20,"column":null}},"8":{"start":{"line":23,"column":2},"end":{"line":30,"column":null}}},"fnMap":{"0":{"name":"App","decl":{"start":{"line":6,"column":24},"end":{"line":6,"column":30}},"loc":{"start":{"line":6,"column":30},"end":{"line":32,"column":null}},"line":6},"1":{"name":"(anonymous_1)","decl":{"start":{"line":10,"column":8},"end":{"line":10,"column":23}},"loc":{"start":{"line":10,"column":39},"end":{"line":16,"column":null}},"line":10},"2":{"name":"(anonymous_2)","decl":{"start":{"line":18,"column":8},"end":{"line":18,"column":29}},"loc":{"start":{"line":18,"column":29},"end":{"line":21,"column":null}},"line":18}},"branchMap":{"0":{"loc":{"start":{"line":25,"column":7},"end":{"line":28,"column":null}},"type":"cond-expr","locations":[{"start":{"line":26,"column":8},"end":{"line":28,"column":9}},{"start":{"line":28,"column":8},"end":{"line":28,"column":null}}],"line":25}},"s":{"0":10,"1":10,"2":10,"3":4,"4":4,"5":10,"6":1,"7":1,"8":10},"f":{"0":10,"1":4,"2":1},"b":{"0":[4,6]},"meta":{"lastBranch":1,"lastFunction":3,"lastStatement":9,"seen":{"f:6:24:6:30":0,"s:7:21:7:Infinity":0,"s:8:15:8:Infinity":1,"s:10:8:16:Infinity":2,"f:10:8:10:23":1,"s:11:4:14:Infinity":3,"s:15:4:15:Infinity":4,"s:18:8:21:Infinity":5,"f:18:8:18:29":2,"s:19:4:19:Infinity":6,"s:20:4:20:Infinity":7,"s:23:2:30:Infinity":8,"b:26:8:28:9:28:8:28:Infinity":0},"fnNames":{}}}
,"C:\\Users\\MicaJoyce Biadoy\\JowenTwoThree\\frontend\\POS\\src\\components\\CategoryFilter.jsx": {"path":"C:\\Users\\MicaJoyce Biadoy\\JowenTwoThree\\frontend\\POS\\src\\components\\CategoryFilter.jsx","statementMap":{"0":{"start":{"line":2,"column":2},"end":{"line":14,"column":null}},"1":{"start":{"line":5,"column":8},"end":{"line":12,"column":null}},"2":{"start":{"line":8,"column":25},"end":{"line":8,"column":null}}},"fnMap":{"0":{"name":"CategoryFilter","decl":{"start":{"line":1,"column":24},"end":{"line":1,"column":39}},"loc":{"start":{"line":1,"column":91},"end":{"line":16,"column":null}},"line":1},"1":{"name":"(anonymous_1)","decl":{"start":{"line":4,"column":18},"end":{"line":4,"column":22}},"loc":{"start":{"line":5,"column":8},"end":{"line":12,"column":null}},"line":5},"2":{"name":"(anonymous_2)","decl":{"start":{"line":8,"column":10},"end":{"line":8,"column":25}},"loc":{"start":{"line":8,"column":25},"end":{"line":8,"column":null}},"line":8}},"branchMap":{"0":{"loc":{"start":{"line":7,"column":37},"end":{"line":7,"column":null}},"type":"cond-expr","locations":[{"start":{"line":7,"column":69},"end":{"line":7,"column":80}},{"start":{"line":7,"column":80},"end":{"line":7,"column":null}}],"line":7}},"s":{"0":27,"1":81,"2":3},"f":{"0":27,"1":81,"2":3},"b":{"0":[27,54]},"meta":{"lastBranch":1,"lastFunction":3,"lastStatement":3,"seen":{"f:1:24:1:39":0,"s:2:2:14:Infinity":0,"f:4:18:4:22":1,"s:5:8:12:Infinity":1,"b:7:69:7:80:7:80:7:Infinity":0,"f:8:10:8:25":2,"s:8:25:8:Infinity":2},"fnNames":{}}}
,"C:\\Users\\MicaJoyce Biadoy\\JowenTwoThree\\frontend\\POS\\src\\components\\CustomerRecordingButton.jsx": {"path":"C:\\Users\\MicaJoyce Biadoy\\JowenTwoThree\\frontend\\POS\\src\\components\\CustomerRecordingButton.jsx","statementMap":{"0":{"start":{"line":5,"column":22},"end":{"line":5,"column":null}},"1":{"start":{"line":6,"column":21},"end":{"line":6,"column":null}},"2":{"start":{"line":8,"column":2},"end":{"line":12,"column":null}},"3":{"start":{"line":9,"column":4},"end":{"line":11,"column":null}},"4":{"start":{"line":10,"column":6},"end":{"line":10,"column":null}},"5":{"start":{"line":14,"column":8},"end":{"line":17,"column":null}},"6":{"start":{"line":15,"column":4},"end":{"line":15,"column":null}},"7":{"start":{"line":16,"column":4},"end":{"line":16,"column":null}},"8":{"start":{"line":19,"column":8},"end":{"line":21,"column":null}},"9":{"start":{"line":20,"column":4},"end":{"line":20,"column":null}},"10":{"start":{"line":23,"column":8},"end":{"line":29,"column":null}},"11":{"start":{"line":24,"column":19},"end":{"line":24,"column":null}},"12":{"start":{"line":25,"column":4},"end":{"line":28,"column":null}},"13":{"start":{"line":26,"column":6},"end":{"line":26,"column":null}},"14":{"start":{"line":27,"column":6},"end":{"line":27,"column":null}},"15":{"start":{"line":31,"column":8},"end":{"line":34,"column":null}},"16":{"start":{"line":32,"column":20},"end":{"line":32,"column":null}},"17":{"start":{"line":33,"column":4},"end":{"line":33,"column":null}},"18":{"start":{"line":36,"column":8},"end":{"line":39,"column":null}},"19":{"start":{"line":37,"column":20},"end":{"line":37,"column":null}},"20":{"start":{"line":38,"column":4},"end":{"line":38,"column":null}},"21":{"start":{"line":41,"column":21},"end":{"line":41,"column":null}},"22":{"start":{"line":42,"column":18},"end":{"line":42,"column":null}},"23":{"start":{"line":44,"column":2},"end":{"line":123,"column":null}},"24":{"start":{"line":63,"column":28},"end":{"line":63,"column":null}},"25":{"start":{"line":84,"column":33},"end":{"line":84,"column":null}}},"fnMap":{"0":{"name":"CustomerRecordingButton","decl":{"start":{"line":4,"column":24},"end":{"line":4,"column":48}},"loc":{"start":{"line":4,"column":84},"end":{"line":125,"column":null}},"line":4},"1":{"name":"(anonymous_1)","decl":{"start":{"line":4,"column":61},"end":{"line":4,"column":78}},"loc":{"start":{"line":4,"column":78},"end":{"line":4,"column":84}},"line":4},"2":{"name":"(anonymous_2)","decl":{"start":{"line":8,"column":2},"end":{"line":8,"column":18}},"loc":{"start":{"line":8,"column":18},"end":{"line":12,"column":5}},"line":8},"3":{"name":"(anonymous_3)","decl":{"start":{"line":14,"column":8},"end":{"line":14,"column":27}},"loc":{"start":{"line":14,"column":27},"end":{"line":17,"column":null}},"line":14},"4":{"name":"(anonymous_4)","decl":{"start":{"line":19,"column":8},"end":{"line":19,"column":28}},"loc":{"start":{"line":19,"column":28},"end":{"line":21,"column":null}},"line":19},"5":{"name":"(anonymous_5)","decl":{"start":{"line":23,"column":8},"end":{"line":23,"column":30}},"loc":{"start":{"line":23,"column":30},"end":{"line":29,"column":null}},"line":23},"6":{"name":"(anonymous_6)","decl":{"start":{"line":31,"column":8},"end":{"line":31,"column":32}},"loc":{"start":{"line":31,"column":32},"end":{"line":34,"column":null}},"line":31},"7":{"name":"(anonymous_7)","decl":{"start":{"line":36,"column":8},"end":{"line":36,"column":32}},"loc":{"start":{"line":36,"column":32},"end":{"line":39,"column":null}},"line":36},"8":{"name":"(anonymous_8)","decl":{"start":{"line":63,"column":12},"end":{"line":63,"column":22}},"loc":{"start":{"line":63,"column":28},"end":{"line":63,"column":null}},"line":63},"9":{"name":"(anonymous_9)","decl":{"start":{"line":84,"column":16},"end":{"line":84,"column":27}},"loc":{"start":{"line":84,"column":33},"end":{"line":84,"column":null}},"line":84}},"branchMap":{"0":{"loc":{"start":{"line":4,"column":50},"end":{"line":4,"column":61}},"type":"default-arg","locations":[{"start":{"line":4,"column":58},"end":{"line":4,"column":61}}],"line":4},"1":{"loc":{"start":{"line":4,"column":61},"end":{"line":4,"column":84}},"type":"default-arg","locations":[{"start":{"line":4,"column":61},"end":{"line":4,"column":84}}],"line":4},"2":{"loc":{"start":{"line":9,"column":4},"end":{"line":11,"column":null}},"type":"if","locations":[{"start":{"line":9,"column":4},"end":{"line":11,"column":null}},{"start":{},"end":{}}],"line":9},"3":{"loc":{"start":{"line":25,"column":4},"end":{"line":28,"column":null}},"type":"if","locations":[{"start":{"line":25,"column":4},"end":{"line":28,"column":null}},{"start":{},"end":{}}],"line":25},"4":{"loc":{"start":{"line":25,"column":8},"end":{"line":25,"column":38}},"type":"binary-expr","locations":[{"start":{"line":25,"column":8},"end":{"line":25,"column":26}},{"start":{"line":25,"column":26},"end":{"line":25,"column":38}}],"line":25},"5":{"loc":{"start":{"line":32,"column":20},"end":{"line":32,"column":null}},"type":"binary-expr","locations":[{"start":{"line":32,"column":20},"end":{"line":32,"column":48}},{"start":{"line":32,"column":48},"end":{"line":32,"column":null}}],"line":32},"6":{"loc":{"start":{"line":37,"column":20},"end":{"line":37,"column":null}},"type":"binary-expr","locations":[{"start":{"line":37,"column":20},"end":{"line":37,"column":48}},{"start":{"line":37,"column":48},"end":{"line":37,"column":null}}],"line":37},"7":{"loc":{"start":{"line":42,"column":18},"end":{"line":42,"column":null}},"type":"binary-expr","locations":[{"start":{"line":42,"column":18},"end":{"line":42,"column":40}},{"start":{"line":42,"column":40},"end":{"line":42,"column":null}}],"line":42},"8":{"loc":{"start":{"line":55,"column":7},"end":{"line":123,"column":null}},"type":"binary-expr","locations":[{"start":{"line":55,"column":7},"end":{"line":55,"column":null}},{"start":{"line":56,"column":8},"end":{"line":123,"column":null}}],"line":55},"9":{"loc":{"start":{"line":99,"column":26},"end":{"line":99,"column":null}},"type":"cond-expr","locations":[{"start":{"line":99,"column":36},"end":{"line":99,"column":49}},{"start":{"line":99,"column":49},"end":{"line":99,"column":null}}],"line":99}},"s":{"0":42,"1":42,"2":42,"3":28,"4":22,"5":42,"6":6,"7":6,"8":42,"9":4,"10":42,"11":3,"12":3,"13":3,"14":3,"15":42,"16":1,"17":1,"18":42,"19":1,"20":1,"21":42,"22":42,"23":42,"24":7,"25":2},"f":{"0":42,"1":0,"2":28,"3":6,"4":4,"5":3,"6":1,"7":1,"8":7,"9":2},"b":{"0":[42],"1":[0],"2":[22,6],"3":[3,0],"4":[3,3],"5":[1,0],"6":[1,0],"7":[42,41],"8":[42,16],"9":[15,1]},"meta":{"lastBranch":10,"lastFunction":10,"lastStatement":26,"seen":{"f:4:24:4:48":0,"b:4:58:4:61":0,"b:4:61:4:84":1,"f:4:61:4:78":1,"s:5:22:5:Infinity":0,"s:6:21:6:Infinity":1,"s:8:2:12:Infinity":2,"f:8:2:8:18":2,"b:9:4:11:Infinity:undefined:undefined:undefined:undefined":2,"s:9:4:11:Infinity":3,"s:10:6:10:Infinity":4,"s:14:8:17:Infinity":5,"f:14:8:14:27":3,"s:15:4:15:Infinity":6,"s:16:4:16:Infinity":7,"s:19:8:21:Infinity":8,"f:19:8:19:28":4,"s:20:4:20:Infinity":9,"s:23:8:29:Infinity":10,"f:23:8:23:30":5,"s:24:19:24:Infinity":11,"b:25:4:28:Infinity:undefined:undefined:undefined:undefined":3,"s:25:4:28:Infinity":12,"b:25:8:25:26:25:26:25:38":4,"s:26:6:26:Infinity":13,"s:27:6:27:Infinity":14,"s:31:8:34:Infinity":15,"f:31:8:31:32":6,"s:32:20:32:Infinity":16,"b:32:20:32:48:32:48:32:Infinity":5,"s:33:4:33:Infinity":17,"s:36:8:39:Infinity":18,"f:36:8:36:32":7,"s:37:20:37:Infinity":19,"b:37:20:37:48:37:48:37:Infinity":6,"s:38:4:38:Infinity":20,"s:41:21:41:Infinity":21,"s:42:18:42:Infinity":22,"b:42:18:42:40:42:40:42:Infinity":7,"s:44:2:123:Infinity":23,"b:55:7:55:Infinity:56:8:123:Infinity":8,"f:63:12:63:22":8,"s:63:28:63:Infinity":24,"f:84:16:84:27":9,"s:84:33:84:Infinity":25,"b:99:36:99:49:99:49:99:Infinity":9},"fnNames":{}}}
,"C:\\Users\\MicaJoyce Biadoy\\JowenTwoThree\\frontend\\POS\\src\\components\\OrderDetails.jsx": {"path":"C:\\Users\\MicaJoyce Biadoy\\JowenTwoThree\\frontend\\POS\\src\\components\\OrderDetails.jsx","statementMap":{"0":{"start":{"line":19,"column":23},"end":{"line":19,"column":null}},"1":{"start":{"line":20,"column":24},"end":{"line":20,"column":null}},"2":{"start":{"line":21,"column":22},"end":{"line":21,"column":null}},"3":{"start":{"line":22,"column":28},"end":{"line":22,"column":null}},"4":{"start":{"line":24,"column":21},"end":{"line":24,"column":null}},"5":{"start":{"line":24,"column":48},"end":{"line":24,"column":69}},"6":{"start":{"line":25,"column":8},"end":{"line":25,"column":null}},"7":{"start":{"line":26,"column":22},"end":{"line":26,"column":null}},"8":{"start":{"line":28,"column":31},"end":{"line":28,"column":null}},"9":{"start":{"line":30,"column":8},"end":{"line":34,"column":null}},"10":{"start":{"line":36,"column":20},"end":{"line":36,"column":null}},"11":{"start":{"line":38,"column":8},"end":{"line":53,"column":null}},"12":{"start":{"line":39,"column":4},"end":{"line":39,"column":null}},"13":{"start":{"line":39,"column":33},"end":{"line":39,"column":null}},"14":{"start":{"line":40,"column":4},"end":{"line":42,"column":null}},"15":{"start":{"line":41,"column":6},"end":{"line":41,"column":null}},"16":{"start":{"line":43,"column":4},"end":{"line":45,"column":null}},"17":{"start":{"line":44,"column":6},"end":{"line":44,"column":null}},"18":{"start":{"line":46,"column":4},"end":{"line":48,"column":null}},"19":{"start":{"line":47,"column":6},"end":{"line":47,"column":null}},"20":{"start":{"line":49,"column":4},"end":{"line":51,"column":null}},"21":{"start":{"line":50,"column":6},"end":{"line":50,"column":null}},"22":{"start":{"line":52,"column":4},"end":{"line":52,"column":null}},"23":{"start":{"line":55,"column":35},"end":{"line":57,"column":null}},"24":{"start":{"line":59,"column":21},"end":{"line":64,"column":null}},"25":{"start":{"line":60,"column":4},"end":{"line":62,"column":null}},"26":{"start":{"line":61,"column":6},"end":{"line":61,"column":null}},"27":{"start":{"line":63,"column":4},"end":{"line":63,"column":null}},"28":{"start":{"line":66,"column":22},"end":{"line":66,"column":null}},"29":{"start":{"line":68,"column":8},"end":{"line":71,"column":null}},"30":{"start":{"line":69,"column":4},"end":{"line":69,"column":null}},"31":{"start":{"line":70,"column":4},"end":{"line":70,"column":null}},"32":{"start":{"line":73,"column":8},"end":{"line":79,"column":null}},"33":{"start":{"line":74,"column":4},"end":{"line":74,"column":null}},"34":{"start":{"line":75,"column":4},"end":{"line":75,"column":null}},"35":{"start":{"line":75,"column":22},"end":{"line":75,"column":null}},"36":{"start":{"line":76,"column":4},"end":{"line":76,"column":null}},"37":{"start":{"line":77,"column":4},"end":{"line":77,"column":null}},"38":{"start":{"line":78,"column":4},"end":{"line":78,"column":null}},"39":{"start":{"line":81,"column":8},"end":{"line":85,"column":null}},"40":{"start":{"line":82,"column":4},"end":{"line":82,"column":null}},"41":{"start":{"line":83,"column":4},"end":{"line":83,"column":null}},"42":{"start":{"line":84,"column":4},"end":{"line":84,"column":null}},"43":{"start":{"line":87,"column":2},"end":{"line":276,"column":null}},"44":{"start":{"line":105,"column":14},"end":{"line":105,"column":null}},"45":{"start":{"line":115,"column":14},"end":{"line":154,"column":null}},"46":{"start":{"line":127,"column":35},"end":{"line":127,"column":null}},"47":{"start":{"line":135,"column":35},"end":{"line":135,"column":null}},"48":{"start":{"line":148,"column":35},"end":{"line":148,"column":null}},"49":{"start":{"line":170,"column":27},"end":{"line":170,"column":null}},"50":{"start":{"line":186,"column":31},"end":{"line":186,"column":64}},"51":{"start":{"line":186,"column":64},"end":{"line":186,"column":85}},"52":{"start":{"line":200,"column":31},"end":{"line":200,"column":null}},"53":{"start":{"line":248,"column":25},"end":{"line":248,"column":null}},"54":{"start":{"line":266,"column":23},"end":{"line":266,"column":null}}},"fnMap":{"0":{"name":"OrderDetails","decl":{"start":{"line":9,"column":24},"end":{"line":9,"column":37}},"loc":{"start":{"line":18,"column":3},"end":{"line":278,"column":null}},"line":18},"1":{"name":"(anonymous_1)","decl":{"start":{"line":24,"column":26},"end":{"line":24,"column":34}},"loc":{"start":{"line":24,"column":48},"end":{"line":24,"column":69}},"line":24},"2":{"name":"(anonymous_2)","decl":{"start":{"line":38,"column":8},"end":{"line":38,"column":31}},"loc":{"start":{"line":38,"column":31},"end":{"line":53,"column":3}},"line":38},"3":{"name":"(anonymous_3)","decl":{"start":{"line":59,"column":26},"end":{"line":59,"column":34}},"loc":{"start":{"line":59,"column":51},"end":{"line":64,"column":5}},"line":59},"4":{"name":"(anonymous_4)","decl":{"start":{"line":68,"column":8},"end":{"line":68,"column":30}},"loc":{"start":{"line":68,"column":30},"end":{"line":71,"column":null}},"line":68},"5":{"name":"(anonymous_5)","decl":{"start":{"line":73,"column":8},"end":{"line":73,"column":31}},"loc":{"start":{"line":73,"column":31},"end":{"line":79,"column":null}},"line":73},"6":{"name":"(anonymous_6)","decl":{"start":{"line":81,"column":8},"end":{"line":81,"column":32}},"loc":{"start":{"line":81,"column":32},"end":{"line":85,"column":null}},"line":81},"7":{"name":"(anonymous_7)","decl":{"start":{"line":104,"column":24},"end":{"line":104,"column":29}},"loc":{"start":{"line":105,"column":14},"end":{"line":105,"column":null}},"line":105},"8":{"name":"(anonymous_8)","decl":{"start":{"line":114,"column":18},"end":{"line":114,"column":22}},"loc":{"start":{"line":115,"column":14},"end":{"line":154,"column":null}},"line":115},"9":{"name":"(anonymous_9)","decl":{"start":{"line":127,"column":20},"end":{"line":127,"column":35}},"loc":{"start":{"line":127,"column":35},"end":{"line":127,"column":null}},"line":127},"10":{"name":"(anonymous_10)","decl":{"start":{"line":135,"column":20},"end":{"line":135,"column":35}},"loc":{"start":{"line":135,"column":35},"end":{"line":135,"column":null}},"line":135},"11":{"name":"(anonymous_11)","decl":{"start":{"line":148,"column":20},"end":{"line":148,"column":35}},"loc":{"start":{"line":148,"column":35},"end":{"line":148,"column":null}},"line":148},"12":{"name":"(anonymous_12)","decl":{"start":{"line":170,"column":10},"end":{"line":170,"column":21}},"loc":{"start":{"line":170,"column":27},"end":{"line":170,"column":null}},"line":170},"13":{"name":"(anonymous_13)","decl":{"start":{"line":186,"column":12},"end":{"line":186,"column":23}},"loc":{"start":{"line":186,"column":29},"end":{"line":186,"column":null}},"line":186},"14":{"name":"(anonymous_14)","decl":{"start":{"line":200,"column":14},"end":{"line":200,"column":25}},"loc":{"start":{"line":200,"column":31},"end":{"line":200,"column":null}},"line":200},"15":{"name":"(anonymous_15)","decl":{"start":{"line":248,"column":10},"end":{"line":248,"column":25}},"loc":{"start":{"line":248,"column":25},"end":{"line":248,"column":null}},"line":248},"16":{"name":"(anonymous_16)","decl":{"start":{"line":266,"column":8},"end":{"line":266,"column":23}},"loc":{"start":{"line":266,"column":23},"end":{"line":266,"column":null}},"line":266}},"branchMap":{"0":{"loc":{"start":{"line":28,"column":31},"end":{"line":28,"column":null}},"type":"binary-expr","locations":[{"start":{"line":28,"column":31},"end":{"line":28,"column":56}},{"start":{"line":28,"column":56},"end":{"line":28,"column":null}}],"line":28},"1":{"loc":{"start":{"line":39,"column":4},"end":{"line":39,"column":null}},"type":"if","locations":[{"start":{"line":39,"column":4},"end":{"line":39,"column":null}},{"start":{},"end":{}}],"line":39},"2":{"loc":{"start":{"line":40,"column":4},"end":{"line":42,"column":null}},"type":"if","locations":[{"start":{"line":40,"column":4},"end":{"line":42,"column":null}},{"start":{},"end":{}}],"line":40},"3":{"loc":{"start":{"line":43,"column":4},"end":{"line":45,"column":null}},"type":"if","locations":[{"start":{"line":43,"column":4},"end":{"line":45,"column":null}},{"start":{},"end":{}}],"line":43},"4":{"loc":{"start":{"line":43,"column":8},"end":{"line":43,"column":59}},"type":"binary-expr","locations":[{"start":{"line":43,"column":8},"end":{"line":43,"column":32}},{"start":{"line":43,"column":32},"end":{"line":43,"column":59}}],"line":43},"5":{"loc":{"start":{"line":46,"column":4},"end":{"line":48,"column":null}},"type":"if","locations":[{"start":{"line":46,"column":4},"end":{"line":48,"column":null}},{"start":{},"end":{}}],"line":46},"6":{"loc":{"start":{"line":46,"column":8},"end":{"line":46,"column":70}},"type":"binary-expr","locations":[{"start":{"line":46,"column":8},"end":{"line":46,"column":41}},{"start":{"line":46,"column":41},"end":{"line":46,"column":70}}],"line":46},"7":{"loc":{"start":{"line":49,"column":4},"end":{"line":51,"column":null}},"type":"if","locations":[{"start":{"line":49,"column":4},"end":{"line":51,"column":null}},{"start":{},"end":{}}],"line":49},"8":{"loc":{"start":{"line":49,"column":8},"end":{"line":49,"column":70}},"type":"binary-expr","locations":[{"start":{"line":49,"column":8},"end":{"line":49,"column":36}},{"start":{"line":49,"column":36},"end":{"line":49,"column":70}}],"line":49},"9":{"loc":{"start":{"line":55,"column":35},"end":{"line":57,"column":null}},"type":"cond-expr","locations":[{"start":{"line":56,"column":6},"end":{"line":56,"column":null}},{"start":{"line":57,"column":6},"end":{"line":57,"column":null}}],"line":55},"10":{"loc":{"start":{"line":60,"column":4},"end":{"line":62,"column":null}},"type":"if","locations":[{"start":{"line":60,"column":4},"end":{"line":62,"column":null}},{"start":{},"end":{}}],"line":60},"11":{"loc":{"start":{"line":60,"column":8},"end":{"line":60,"column":46}},"type":"binary-expr","locations":[{"start":{"line":60,"column":8},"end":{"line":60,"column":26}},{"start":{"line":60,"column":26},"end":{"line":60,"column":46}}],"line":60},"12":{"loc":{"start":{"line":66,"column":22},"end":{"line":66,"column":null}},"type":"binary-expr","locations":[{"start":{"line":66,"column":22},"end":{"line":66,"column":41}},{"start":{"line":66,"column":41},"end":{"line":66,"column":68}},{"start":{"line":66,"column":68},"end":{"line":66,"column":null}}],"line":66},"13":{"loc":{"start":{"line":75,"column":4},"end":{"line":75,"column":null}},"type":"if","locations":[{"start":{"line":75,"column":4},"end":{"line":75,"column":null}},{"start":{},"end":{}}],"line":75},"14":{"loc":{"start":{"line":101,"column":7},"end":{"line":108,"column":null}},"type":"binary-expr","locations":[{"start":{"line":101,"column":7},"end":{"line":101,"column":28}},{"start":{"line":101,"column":28},"end":{"line":101,"column":null}},{"start":{"line":102,"column":8},"end":{"line":108,"column":null}}],"line":101},"15":{"loc":{"start":{"line":166,"column":50},"end":{"line":166,"column":null}},"type":"cond-expr","locations":[{"start":{"line":166,"column":77},"end":{"line":166,"column":94}},{"start":{"line":166,"column":94},"end":{"line":166,"c
[...]
:{"start":{"line":120,"column":33},"end":{"line":120,"column":null}},"line":120},"11":{"name":"(anonymous_11)","decl":{"start":{"line":131,"column":24},"end":{"line":131,"column":29}},"loc":{"start":{"line":132,"column":14},"end":{"line":149,"column":null}},"line":132}},"branchMap":{"0":{"loc":{"start":{"line":3,"column":17},"end":{"line":3,"column":null}},"type":"binary-expr","locations":[{"start":{"line":3,"column":17},"end":{"line":3,"column":49}},{"start":{"line":3,"column":49},"end":{"line":3,"column":null}}],"line":3},"1":{"loc":{"start":{"line":15,"column":8},"end":{"line":15,"column":null}},"type":"if","locations":[{"start":{"line":15,"column":8},"end":{"line":15,"column":null}},{"start":{},"end":{}}],"line":15},"2":{"loc":{"start":{"line":29,"column":4},"end":{"line":34,"column":null}},"type":"if","locations":[{"start":{"line":29,"column":4},"end":{"line":34,"column":null}},{"start":{"line":31,"column":11},"end":{"line":34,"column":null}}],"line":29},"3":{"loc":{"start":{"line":30,"column":23},"end":{"line":30,"column":63}},"type":"cond-expr","locations":[{"start":{"line":30,"column":49},"end":{"line":30,"column":58}},{"start":{"line":30,"column":58},"end":{"line":30,"column":63}}],"line":30},"4":{"loc":{"start":{"line":37,"column":21},"end":{"line":52,"column":null}},"type":"cond-expr","locations":[{"start":{"line":38,"column":6},"end":{"line":51,"column":null}},{"start":{"line":52,"column":6},"end":{"line":52,"column":null}}],"line":37},"5":{"loc":{"start":{"line":42,"column":8},"end":{"line":44,"column":null}},"type":"if","locations":[{"start":{"line":42,"column":8},"end":{"line":44,"column":null}},{"start":{},"end":{}}],"line":42},"6":{"loc":{"start":{"line":42,"column":12},"end":{"line":42,"column":66}},"type":"binary-expr","locations":[{"start":{"line":42,"column":12},"end":{"line":42,"column":40}},{"start":{"line":42,"column":40},"end":{"line":42,"column":66}}],"line":42},"7":{"loc":{"start":{"line":43,"column":17},"end":{"line":43,"column":null}},"type":"cond-expr","locations":[{"start":{"line":43,"column":43},"end":{"line":43,"column":57}},{"start":{"line":43,"column":57},"end":{"line":43,"column":null}}],"line":43},"8":{"loc":{"start":{"line":48,"column":15},"end":{"line":50,"column":null}},"type":"cond-expr","locations":[{"start":{"line":49,"column":12},"end":{"line":49,"column":null}},{"start":{"line":50,"column":12},"end":{"line":50,"column":null}}],"line":48},"9":{"loc":{"start":{"line":58,"column":2},"end":{"line":60,"column":null}},"type":"if","locations":[{"start":{"line":58,"column":2},"end":{"line":60,"column":null}},{"start":{},"end":{}}],"line":58},"10":{"loc":{"start":{"line":62,"column":2},"end":{"line":64,"column":null}},"type":"if","locations":[{"start":{"line":62,"column":2},"end":{"line":64,"column":null}},{"start":{},"end":{}}],"line":62},"11":{"loc":{"start":{"line":78,"column":4},"end":{"line":90,"column":null}},"type":"switch","locations":[{"start":{"line":79,"column":6},"end":{"line":79,"column":null}},{"start":{"line":80,"column":6},"end":{"line":81,"column":null}},{"start":{"line":82,"column":6},"end":{"line":83,"column":null}},{"start":{"line":84,"column":6},"end":{"line":85,"column":null}},{"start":{"line":86,"column":6},"end":{"line":87,"column":null}},{"start":{"line":88,"column":6},"end":{"line":89,"column":null}}],"line":78},"12":{"loc":{"start":{"line":125,"column":19},"end":{"line":125,"column":null}},"type":"cond-expr","locations":[{"start":{"line":125,"column":44},"end":{"line":125,"column":85}},{"start":{"line":125,"column":85},"end":{"line":125,"column":null}}],"line":125},"13":{"loc":{"start":{"line":125,"column":44},"end":{"line":125,"column":85}},"type":"cond-expr","locations":[{"start":{"line":125,"column":70},"end":{"line":125,"column":77}},{"start":{"line":125,"column":77},"end":{"line":125,"column":85}}],"line":125}},"s":{"0":2,"1":39,"2":39,"3":39,"4":39,"5":39,"6":39,"7":22,"8":21,"9":1,"10":20,"11":20,"12":20,"13":2,"14":2,"15":39,"16":3,"17":1,"18":2,"19":2,"20":39,"21":28,"22":28,"23":28,"24":4,"25":24,"26":24,"27":24,"28":39,"29":1,"30":39,"31":22,"32":17,"33":2,"34":15,"35":15,"36":42,"37":14,"38":28,"39":0,"40":0,"41":0,"42":15,"43":120,"44":3,"45":42},"f":{"0":39,"1":22,"2":21,"3":20,"4":2,"5":3,"6":28,"7":1,"8":42,"9":120,"10":3,"11":42},"b":{"0":[2,2],"1":[1,20],"2":[1,2],"3":[1,0],"4":[15,24],"5":[4,24],"6":[28,4],"7":[2,2],"8":[24,0],"9":[22,17],"10":[2,15],"11":[14,14,28,0,0,0],"12":[15,105],"13":[14,1]},"meta":{"lastBranch":14,"lastFunction":12,"lastStatement":46,"seen":{"s:3:17:3:Infinity":0,"b:3:17:3:49:3:49:3:Infinity":0,"f:5:24:5:48":0,"s:6:15:6:Infinity":1,"s:7:18:7:Infinity":2,"s:8:16:8:Infinity":3,"s:9:20:9:Infinity":4,"s:10:24:10:Infinity":5,"s:12:2:26:Infinity":6,"f:12:2:12:18":1,"s:13:4:25:Infinity":7,"f:14:7:14:13":2,"b:15:8:15:Infinity:undefined:undefined:undefined:undefined":1,"s:15:8:15:Infinity":8,"s:15:21:15:Infinity":9,"s:16:8:16:Infinity":10,"f:18:7:18:13":3,"s:19:8:19:Infinity":11,"s:20:8:20:Infinity":12,"f:22:7:22:14":4,"s:23:8:23:Infinity":13,"s:24:8:24:Infinity":14,"s:28:8:35:Infinity":15,"f:28:8:28:22":5,"b:29:4:34:Infinity:31:11:34:Infinity":2,"s:29:4:34:Infinity":16,"s:30:6:30:Infinity":17,"b:30:49:30:58:30:58:30:63":3,"s:32:6:32:Infinity":18,"s:33:6:33:Infinity":19,"s:37:21:52:Infinity":20,"b:38:6:51:Infinity:52:6:52:Infinity":4,"f:38:21:38:27":6,"s:39:21:39:Infinity":21,"s:40:21:40:Infinity":22,"b:42:8:44:Infinity:undefined:undefined:undefined:undefined":5,"s:42:8:44:Infinity":23,"b:42:12:42:40:42:40:42:66":6,"s:43:10:43:Infinity":24,"b:43:43:43:57:43:57:43:Infinity":7,"s:46:21:46:Infinity":25,"s:47:21:47:Infinity":26,"s:48:8:50:Infinity":27,"b:49:12:49:Infinity:50:12:50:Infinity":8,"s:54:8:56:Infinity":28,"f:54:8:54:34":7,"s:55:4:55:Infinity":29,"b:58:2:60:Infinity:undefined:undefined:undefined:undefined":9,"s:58:2:60:Infinity":30,"s:59:4:59:Infinity":31,"b:62:2:64:Infinity:undefined:undefined:undefined:undefined":10,"s:62:2:64:Infinity":32,"s:63:4:63:Infinity":33,"s:66:18:75:Infinity":34,"s:77:8:91:Infinity":35,"f:77:8:77:23":8,"b:79:6:79:Infinity:80:6:81:Infinity:82:6:83:Infinity:84:6:85:Infinity:86:6:87:Infinity:88:6:89:Infinity":11,"s:78:4:90:Infinity":36,"s:81:8:81:Infinity":37,"s:83:8:83:Infinity":38,"s:85:8:85:Infinity":39,"s:87:8:87:Infinity":40,"s:89:8:89:Infinity":41,"s:93:2:154:Infinity":42,"f:117:23:117:28":9,"s:118:16:126:Infinity":43,"f:120:18:120:33":10,"s:120:33:120:Infinity":44,"b:125:44:125:85:125:85:125:Infinity":12,"b:125:70:125:77:125:77:125:85":13,"f:131:24:131:29":11,"s:132:14:149:Infinity":45},"fnNames":{}}}
,"C:\\Users\\MicaJoyce Biadoy\\JowenTwoThree\\frontend\\analytics-dashboard\\src\\components\\CustomerTrafficHeatmap.jsx": {"path":"C:\\Users\\MicaJoyce Biadoy\\JowenTwoThree\\frontend\\analytics-dashboard\\src\\components\\CustomerTrafficHeatmap.jsx","statementMap":{"0":{"start":{"line":1,"column":20},"end":{"line":6,"column":null}},"1":{"start":{"line":9,"column":2},"end":{"line":9,"column":null}},"2":{"start":{"line":9,"column":19},"end":{"line":9,"column":null}},"3":{"start":{"line":10,"column":2},"end":{"line":10,"column":null}},"4":{"start":{"line":10,"column":19},"end":{"line":10,"column":null}},"5":{"start":{"line":11,"column":2},"end":{"line":11,"column":null}},"6":{"start":{"line":11,"column":19},"end":{"line":11,"column":null}},"7":{"start":{"line":12,"column":2},"end":{"line":12,"column":null}},"8":{"start":{"line":12,"column":18},"end":{"line":12,"column":null}},"9":{"start":{"line":13,"column":2},"end":{"line":13,"column":null}},"10":{"start":{"line":13,"column":18},"end":{"line":13,"column":null}},"11":{"start":{"line":15,"column":2},"end":{"line":15,"column":null}},"12":{"start":{"line":19,"column":2},"end":{"line":46,"column":null}},"13":{"start":{"line":29,"column":10},"end":{"line":43,"column":null}}},"fnMap":{"0":{"name":"getColor","decl":{"start":{"line":8,"column":9},"end":{"line":8,"column":18}},"loc":{"start":{"line":8,"column":25},"end":{"line":16,"column":null}},"line":8},"1":{"name":"CustomerTrafficHeatmap","decl":{"start":{"line":18,"column":24},"end":{"line":18,"column":49}},"loc":{"start":{"line":18,"column":49},"end":{"line":48,"column":null}},"line":18},"2":{"name":"(anonymous_2)","decl":{"start":{"line":28,"column":21},"end":{"line":28,"column":26}},"loc":{"start":{"line":29,"column":10},"end":{"line":43,"column":null}},"line":29}},"branchMap":{"0":{"loc":{"start":{"line":9,"column":2},"end":{"line":9,"column":null}},"type":"if","locations":[{"start":{"line":9,"column":2},"end":{"line":9,"column":null}},{"start":{},"end":{}}],"line":9},"1":{"loc":{"start":{"line":10,"column":2},"end":{"line":10,"column":null}},"type":"if","locations":[{"start":{"line":10,"column":2},"end":{"line":10,"column":null}},{"start":{},"end":{}}],"line":10},"2":{"loc":{"start":{"line":11,"column":2},"end":{"line":11,"column":null}},"type":"if","locations":[{"start":{"line":11,"column":2},"end":{"line":11,"column":null}},{"start":{},"end":{}}],"line":11},"3":{"loc":{"start":{"line":12,"column":2},"end":{"line":12,"column":null}},"type":"if","locations":[{"start":{"line":12,"column":2},"end":{"line":12,"column":null}},{"start":{},"end":{}}],"line":12},"4":{"loc":{"start":{"line":13,"column":2},"end":{"line":13,"column":null}},"type":"if","locations":[{"start":{"line":13,"column":2},"end":{"line":13,"column":null}},{"start":{},"end":{}}],"line":13}},"s":{"0":2,"1":240,"2":30,"3":210,"4":70,"5":140,"6":30,"7":110,"8":30,"9":80,"10":60,"11":20,"12":10,"13":240},"f":{"0":240,"1":10,"2":240},"b":{"0":[30,210],"1":[70,140],"2":[30,110],"3":[30,80],"4":[60,20]},"meta":{"lastBranch":5,"lastFunction":3,"lastStatement":14,"seen":{"s:1:20:6:Infinity":0,"f:8:9:8:18":0,"b:9:2:9:Infinity:undefined:undefined:undefined:undefined":0,"s:9:2:9:Infinity":1,"s:9:19:9:Infinity":2,"b:10:2:10:Infinity:undefined:undefined:undefined:undefined":1,"s:10:2:10:Infinity":3,"s:10:19:10:Infinity":4,"b:11:2:11:Infinity:undefined:undefined:undefined:undefined":2,"s:11:2:11:Infinity":5,"s:11:19:11:Infinity":6,"b:12:2:12:Infinity:undefined:undefined:undefined:undefined":3,"s:12:2:12:Infinity":7,"s:12:18:12:Infinity":8,"b:13:2:13:Infinity:undefined:undefined:undefined:undefined":4,"s:13:2:13:Infinity":9,"s:13:18:13:Infinity":10,"s:15:2:15:Infinity":11,"f:18:24:18:49":1,"s:19:2:46:Infinity":12,"f:28:21:28:26":2,"s:29:10:43:Infinity":13},"fnNames":{}}}
,"C:\\Users\\MicaJoyce Biadoy\\JowenTwoThree\\frontend\\analytics-dashboard\\src\\components\\DateRangeFilter.jsx": {"path":"C:\\Users\\MicaJoyce Biadoy\\JowenTwoThree\\frontend\\analytics-dashboard\\src\\components\\DateRangeFilter.jsx","statementMap":{"0":{"start":{"line":7,"column":2},"end":{"line":22,"column":null}},"1":{"start":{"line":12,"column":25},"end":{"line":12,"column":null}},"2":{"start":{"line":20,"column":25},"end":{"line":20,"column":null}}},"fnMap":{"0":{"name":"DateRangeFilter","decl":{"start":{"line":1,"column":24},"end":{"line":1,"column":40}},"loc":{"start":{"line":6,"column":3},"end":{"line":24,"column":null}},"line":6},"1":{"name":"(anonymous_1)","decl":{"start":{"line":12,"column":8},"end":{"line":12,"column":19}},"loc":{"start":{"line":12,"column":25},"end":{"line":12,"column":null}},"line":12},"2":{"name":"(anonymous_2)","decl":{"start":{"line":20,"column":8},"end":{"line":20,"column":19}},"loc":{"start":{"line":20,"column":25},"end":{"line":20,"column":null}},"line":20}},"branchMap":{},"s":{"0":10,"1":1,"2":1},"f":{"0":10,"1":1,"2":1},"b":{},"meta":{"lastBranch":0,"lastFunction":3,"lastStatement":3,"seen":{"f:1:24:1:40":0,"s:7:2:22:Infinity":0,"f:12:8:12:19":1,"s:12:25:12:Infinity":1,"f:20:8:20:19":2,"s:20:25:20:Infinity":2},"fnNames":{}}}
,"C:\\Users\\MicaJoyce Biadoy\\JowenTwoThree\\frontend\\analytics-dashboard\\src\\components\\LoadingSkeleton.jsx": {"path":"C:\\Users\\MicaJoyce Biadoy\\JowenTwoThree\\frontend\\analytics-dashboard\\src\\components\\LoadingSkeleton.jsx","statementMap":{"0":{"start":{"line":2,"column":2},"end":{"line":11,"column":null}}},"fnMap":{"0":{"name":"LoadingSkeleton","decl":{"start":{"line":1,"column":24},"end":{"line":1,"column":42}},"loc":{"start":{"line":1,"column":42},"end":{"line":13,"column":null}},"line":1}},"branchMap":{},"s":{"0":9},"f":{"0":9},"b":{},"meta":{"lastBranch":0,"lastFunction":1,"lastStatement":1,"seen":{"f:1:24:1:42":0,"s:2:2:11:Infinity":0},"fnNames":{}}}
,"C:\\Users\\MicaJoyce Biadoy\\JowenTwoThree\\frontend\\analytics-dashboard\\src\\components\\SalesTrendChart.jsx": {"path":"C:\\Users\\MicaJoyce Biadoy\\JowenTwoThree\\frontend\\analytics-dashboard\\src\\components\\SalesTrendChart.jsx","statementMap":{"0":{"start":{"line":13,"column":0},"end":{"line":20,"column":null}},"1":{"start":{"line":22,"column":13},"end":{"line":34,"column":null}},"2":{"start":{"line":36,"column":16},"end":{"line":39,"column":null}},"3":{"start":{"line":42,"column":2},"end":{"line":48,"column":null}}},"fnMap":{"0":{"name":"SalesTrendChart","decl":{"start":{"line":41,"column":24},"end":{"line":41,"column":42}},"loc":{"start":{"line":41,"column":42},"end":{"line":50,"column":null}},"line":41}},"branchMap":{},"s":{"0":2,"1":2,"2":2,"3":10},"f":{"0":10},"b":{},"meta":{"lastBranch":0,"lastFunction":1,"lastStatement":4,"seen":{"s:13:0:20:Infinity":0,"s:22:13:34:Infinity":1,"s:36:16:39:Infinity":2,"f:41:24:41:42":0,"s:42:2:48:Infinity":3},"fnNames":{}}}
,"C:\\Users\\MicaJoyce Biadoy\\JowenTwoThree\\frontend\\analytics-dashboard\\src\\components\\StockMovementChart.jsx": {"path":"C:\\Users\\MicaJoyce Biadoy\\JowenTwoThree\\frontend\\analytics-dashboard\\src\\components\\StockMovementChart.jsx","statementMap":{"0":{"start":{"line":12,"column":0},"end":{"line":18,"column":null}},"1":{"start":{"line":21,"column":20},"end":{"line":30,"column":null}},"2":{"start":{"line":22,"column":31},"end":{"line":22,"column":40}},"3":{"start":{"line":26,"column":33},"end":{"line":26,"column":42}},"4":{"start":{"line":32,"column":18},"end":{"line":42,"column":null}},"5":{"start":{"line":44,"column":2},"end":{"line":52,"column":null}}},"fnMap":{"0":{"name":"StockMovementChart","decl":{"start":{"line":20,"column":24},"end":{"line":20,"column":43}},"loc":{"start":{"line":20,"column":53},"end":{"line":54,"column":null}},"line":20},"1":{"name":"(anonymous_1)","decl":{"start":{"line":22,"column":17},"end":{"line":22,"column":22}},"loc":{"start":{"line":22,"column":31},"end":{"line":22,"column":40}},"line":22},"2":{"name":"(anonymous_2)","decl":{"start":{"line":26,"column":19},"end":{"line":26,"column":24}},"loc":{"start":{"line":26,"column":33},"end":{"line":26,"column":42}},"line":26}},"branchMap":{},"s":{"0":2,"1":11,"2":66,"3":66,"4":11,"5":11},"f":{"0":11,"1":66,"2":66},"b":{},"meta":{"lastBranch":0,"lastFunction":3,"lastStatement":6,"seen":{"s:12:0:18:Infinity":0,"f:20:24:20:43":0,"s:21:20:30:Infinity":1,"f:22:17:22:22":1,"s:22:31:22:40":2,"f:26:19:26:24":2,"s:26:33:26:42":3,"s:32:18:42:Infinity":4,"s:44:2:52:Infinity":5},"fnNames":{}}}
,"C:\\Users\\MicaJoyce Biadoy\\JowenTwoThree\\frontend\\analytics-dashboard\\src\\components\\SummaryCard.jsx": {"path":"C:\\Users\\MicaJoyce Biadoy\\JowenTwoThree\\frontend\\analytics-dashboard\\src\\components\\SummaryCard.jsx","statementMap":{"0":{"start":{"line":2,"column":25},"end":{"line":7,"column":null}},"1":{"start":{"line":9,"column":2},"end":{"line":13,"column":null}}},"fnMap":{"0":{"name":"SummaryCard","decl":{"start":{"line":1,"column":24},"end":{"line":1,"column":36}},"loc":{"start":{"line":1,"column":74},"end":{"line":15,"column":null}},"line":1}},"branchMap":{"0":{"loc":{"start":{"line":1,"column":52},"end":{"line":1,"column":74}},"type":"default-arg","locations":[{"start":{"line":1,"column":65},"end":{"line":1,"column":74}}],"line":1},"1":{"loc":{"start":{"line":2,"column":25},"end":{"line":7,"column":null}},"type":"cond-expr","locations":[{"start":{"line":3,"column":6},"end":{"line":6,"column":null}},{"start":{"line":7,"column":6},"end":{"line":7,"column":null}}],"line":2}},"s":{"0":27,"1":27},"f":{"0":27},"b":{"0":[27],"1":[9,18]},"meta":{"lastBranch":2,"lastFunction":1,"lastStatement":2,"seen":{"f:1:24:1:36":0,"b:1:65:1:74":0,"s:2:25:7:Infinity":0,"b:3:6:6:Infinity:7:6:7:Infinity":1,"s:9:2:13:Infinity":1},"fnNames":{}}}
,"C:\\Users\\MicaJoyce Biadoy\\JowenTwoThree\\frontend\\analytics-dashboard\\src\\components\\TabMenu.jsx": {"path":"C:\\Users\\MicaJoyce Biadoy\\JowenTwoThree\\frontend\\analytics-dashboard\\src\\components\\TabMenu.jsx","statementMap":{"0":{"start":{"line":4,"column":15},"end":{"line":4,"column":null}},"1":{"start":{"line":6,"column":2},"end":{"line":13,"column":null}},"2":{"start":{"line":9,"column":8},"end":{"line":11,"column":null}},"3":{"start":{"line":9,"column":41},"end":{"line":9,"column":null}}},"fnMap":{"0":{"name":"TabMenu","decl":{"start":{"line":3,"column":24},"end":{"line":3,"column":32}},"loc":{"start":{"line":3,"column":61},"end":{"line":15,"column":null}},"line":3},"1":{"name":"(anonymous_1)","decl":{"start":{"line":8,"column":12},"end":{"line":8,"column":17}},"loc":{"start":{"line":9,"column":8},"end":{"line":11,"column":null}},"line":9},"2":{"name":"(anonymous_2)","decl":{"start":{"line":9,"column":26},"end":{"line":9,"column":41}},"loc":{"start":{"line":9,"column":41},"end":{"line":9,"column":null}},"line":9}},"branchMap":{},"s":{"0":4,"1":4,"2":12,"3":3},"f":{"0":4,"1":12,"2":3},"b":{},"meta":{"lastBranch":0,"lastFunction":3,"lastStatement":4,"seen":{"f:3:24:3:32":0,"s:4:15:4:Infinity":0,"s:6:2:13:Infinity":1,"f:8:12:8:17":1,"s:9:8:11:Infinity":2,"f:9:26:9:41":2,"s:9:41:9:Infinity":3},"fnNames":{}}}
,"C:\\Users\\MicaJoyce Biadoy\\JowenTwoThree\\frontend\\analytics-dashboard\\src\\data\\inventoryData.js": {"path":"C:\\Users\\MicaJoyce Biadoy\\JowenTwoThree\\frontend\\analytics-dashboard\\src\\data\\inventoryData.js","statementMap":{"0":{"start":{"line":1,"column":22},"end":{"line":26,"column":1}}},"fnMap":{},"branchMap":{},"s":{"0":2},"f":{},"b":{},"meta":{"lastBranch":0,"lastFunction":0,"lastStatement":1,"seen":{"s:1:22:26:1":0},"fnNames":{}}}
,"C:\\Users\\MicaJoyce Biadoy\\JowenTwoThree\\frontend\\analytics-dashboard\\src\\pages\\AnalyticsContext.jsx": {"path":"C:\\Users\\MicaJoyce Biadoy\\JowenTwoThree\\frontend\\analytics-dashboard\\src\\pages\\AnalyticsContext.jsx","statementMap":{"0":{"start":{"line":3,"column":13},"end":{"line":6,"column":null}},"1":{"start":{"line":9,"column":21},"end":{"line":9,"column":null}},"2":{"start":{"line":11,"column":2},"end":{"line":14,"column":null}}},"fnMap":{"0":{"name":"(anonymous_0)","decl":{"start":{"line":5,"column":2},"end":{"line":5,"column":23}},"loc":{"start":{"line":5,"column":23},"end":{"line":5,"column":null}},"line":5},"1":{"name":"AnalyticsProvider","decl":{"start":{"line":8,"column":16},"end":{"line":8,"column":34}},"loc":{"start":{"line":8,"column":48},"end":{"line":16,"column":null}},"line":8}},"branchMap":{},"s":{"0":1,"1":0,"2":0},"f":{"0":0,"1":0},"b":{},"meta":{"lastBranch":0,"lastFunction":2,"lastStatement":3,"seen":{"s:3:13:6:Infinity":0,"f:5:2:5:23":0,"f:8:16:8:34":1,"s:9:21:9:Infinity":1,"s:11:2:14:Infinity":2},"fnNames":{}}}
,"C:\\Users\\MicaJoyce Biadoy\\JowenTwoThree\\frontend\\analytics-dashboard\\src\\pages\\DashboardContent.jsx": {"path":"C:\\Users\\MicaJoyce Biadoy\\JowenTwoThree\\frontend\\analytics-dashboard\\src\\pages\\DashboardContent.jsx","statementMap":{"0":{"start":{"line":15,"column":10},"end":{"line":15,"column":null}},"1":{"start":{"line":16,"column":20},"end":{"line":16,"column":null}},"2":{"start":{"line":17,"column":18},"end":{"line":17,"column":null}},"3":{"start":{"line":19,"column":2},"end":{"line":107,"column":null}}},"fnMap":{"0":{"name":"DashboardContent","decl":{"start":{"line":14,"column":24},"end":{"line":14,"column":41}},"loc":{"start":{"line":14,"column":56},"end":{"line":109,"column":null}},"line":14}},"branchMap":{},"s":{"0":8,"1":8,"2":8,"3":8},"f":{"0":8},"b":{},"meta":{"lastBranch":0,"lastFunction":1,"lastStatement":4,"seen":{"f:14:24:14:41":0,"s:15:10:15:Infinity":0,"s:16:20:16:Infinity":1,"s:17:18:17:Infinity":2,"s:19:2:107:Infinity":3},"fnNames":{}}}
}
